Connecting to database specified by database.yml
  [1m[36m (0.3ms)[0m  [1mselect sqlite_version(*)[0m
  [1m[35m (142.6ms)[0m  CREATE TABLE "schema_migrations" ("version" varchar(255) NOT NULL) 
  [1m[36m (58.6ms)[0m  [1mCREATE UNIQUE INDEX "unique_schema_migrations" ON "schema_migrations" ("version")[0m
  [1m[35m (31.4ms)[0m  SELECT "schema_migrations"."version" FROM "schema_migrations" 
Migrating to CreateMovies (20111119180638)
  [1m[36m (0.3ms)[0m  [1mbegin transaction[0m
  [1m[35m (1.5ms)[0m  CREATE TABLE "movies" ("id" INTEGER PRIMARY KEY AUTOINCREMENT NOT NULL, "title" varchar(255), "rating" varchar(255), "description" text, "release_date" datetime, "created_at" datetime NOT NULL, "updated_at" datetime NOT NULL) 
  [1m[36m (0.3ms)[0m  [1mINSERT INTO "schema_migrations" ("version") VALUES ('20111119180638')[0m
  [1m[35m (54.2ms)[0m  commit transaction
  [1m[36m (0.3ms)[0m  [1mSELECT "schema_migrations"."version" FROM "schema_migrations" [0m
Connecting to database specified by database.yml
  [1m[36m (2.5ms)[0m  [1mSELECT "schema_migrations"."version" FROM "schema_migrations" [0m
  [1m[35m (0.1ms)[0m  begin transaction
  [1m[36mSQL (7.5ms)[0m  [1mINSERT INTO "movies" ("created_at", "description", "rating", "release_date", "title", "updated_at") VALUES (?, ?, ?, ?, ?, ?)[0m  [["created_at", Tue, 14 Oct 2014 12:54:16 UTC +00:00], ["description", nil], ["rating", "G"], ["release_date", Wed, 25 Nov 1992 00:00:00 UTC +00:00], ["title", "Aladdin"], ["updated_at", Tue, 14 Oct 2014 12:54:16 UTC +00:00]]
  [1m[35m (154.1ms)[0m  commit transaction
  [1m[36m (0.1ms)[0m  [1mbegin transaction[0m
  [1m[35mSQL (0.5ms)[0m  INSERT INTO "movies" ("created_at", "description", "rating", "release_date", "title", "updated_at") VALUES (?, ?, ?, ?, ?, ?)  [["created_at", Tue, 14 Oct 2014 12:54:16 UTC +00:00], ["description", nil], ["rating", "R"], ["release_date", Fri, 26 Oct 1984 00:00:00 UTC +00:00], ["title", "The Terminator"], ["updated_at", Tue, 14 Oct 2014 12:54:16 UTC +00:00]]
  [1m[36m (35.8ms)[0m  [1mcommit transaction[0m
  [1m[35m (0.2ms)[0m  begin transaction
  [1m[36mSQL (1.3ms)[0m  [1mINSERT INTO "movies" ("created_at", "description", "rating", "release_date", "title", "updated_at") VALUES (?, ?, ?, ?, ?, ?)[0m  [["created_at", Tue, 14 Oct 2014 12:54:16 UTC +00:00], ["description", nil], ["rating", "R"], ["release_date", Fri, 21 Jul 1989 00:00:00 UTC +00:00], ["title", "When Harry Met Sally"], ["updated_at", Tue, 14 Oct 2014 12:54:16 UTC +00:00]]
  [1m[35m (40.0ms)[0m  commit transaction
  [1m[36m (0.2ms)[0m  [1mbegin transaction[0m
  [1m[35mSQL (1.0ms)[0m  INSERT INTO "movies" ("created_at", "description", "rating", "release_date", "title", "updated_at") VALUES (?, ?, ?, ?, ?, ?)  [["created_at", Tue, 14 Oct 2014 12:54:16 UTC +00:00], ["description", nil], ["rating", "PG-13"], ["release_date", Wed, 10 Aug 2011 00:00:00 UTC +00:00], ["title", "The Help"], ["updated_at", Tue, 14 Oct 2014 12:54:16 UTC +00:00]]
  [1m[36m (82.9ms)[0m  [1mcommit transaction[0m
  [1m[35m (0.2ms)[0m  begin transaction
  [1m[36mSQL (1.0ms)[0m  [1mINSERT INTO "movies" ("created_at", "description", "rating", "release_date", "title", "updated_at") VALUES (?, ?, ?, ?, ?, ?)[0m  [["created_at", Tue, 14 Oct 2014 12:54:16 UTC +00:00], ["description", nil], ["rating", "PG-13"], ["release_date", Fri, 05 Jan 2001 00:00:00 UTC +00:00], ["title", "Chocolat"], ["updated_at", Tue, 14 Oct 2014 12:54:16 UTC +00:00]]
  [1m[35m (38.9ms)[0m  commit transaction
  [1m[36m (0.9ms)[0m  [1mbegin transaction[0m
  [1m[35mSQL (1.0ms)[0m  INSERT INTO "movies" ("created_at", "description", "rating", "release_date", "title", "updated_at") VALUES (?, ?, ?, ?, ?, ?)  [["created_at", Tue, 14 Oct 2014 12:54:16 UTC +00:00], ["description", nil], ["rating", "R"], ["release_date", Wed, 25 Apr 2001 00:00:00 UTC +00:00], ["title", "Amelie"], ["updated_at", Tue, 14 Oct 2014 12:54:16 UTC +00:00]]
  [1m[36m (49.6ms)[0m  [1mcommit transaction[0m
  [1m[35m (0.2ms)[0m  begin transaction
  [1m[36mSQL (0.9ms)[0m  [1mINSERT INTO "movies" ("created_at", "description", "rating", "release_date", "title", "updated_at") VALUES (?, ?, ?, ?, ?, ?)[0m  [["created_at", Tue, 14 Oct 2014 12:54:16 UTC +00:00], ["description", nil], ["rating", "G"], ["release_date", Sat, 06 Apr 1968 00:00:00 UTC +00:00], ["title", "2001: A Space Odyssey"], ["updated_at", Tue, 14 Oct 2014 12:54:16 UTC +00:00]]
  [1m[35m (40.1ms)[0m  commit transaction
  [1m[36m (0.2ms)[0m  [1mbegin transaction[0m
  [1m[35mSQL (0.9ms)[0m  INSERT INTO "movies" ("created_at", "description", "rating", "release_date", "title", "updated_at") VALUES (?, ?, ?, ?, ?, ?)  [["created_at", Tue, 14 Oct 2014 12:54:16 UTC +00:00], ["description", nil], ["rating", "PG"], ["release_date", Fri, 05 Nov 2004 00:00:00 UTC +00:00], ["title", "The Incredibles"], ["updated_at", Tue, 14 Oct 2014 12:54:16 UTC +00:00]]
  [1m[36m (91.9ms)[0m  [1mcommit transaction[0m
  [1m[35m (0.2ms)[0m  begin transaction
  [1m[36mSQL (0.9ms)[0m  [1mINSERT INTO "movies" ("created_at", "description", "rating", "release_date", "title", "updated_at") VALUES (?, ?, ?, ?, ?, ?)[0m  [["created_at", Tue, 14 Oct 2014 12:54:16 UTC +00:00], ["description", nil], ["rating", "PG"], ["release_date", Fri, 12 Jun 1981 00:00:00 UTC +00:00], ["title", "Raiders of the Lost Ark"], ["updated_at", Tue, 14 Oct 2014 12:54:16 UTC +00:00]]
  [1m[35m (40.3ms)[0m  commit transaction
  [1m[36m (0.2ms)[0m  [1mbegin transaction[0m
  [1m[35mSQL (1.0ms)[0m  INSERT INTO "movies" ("created_at", "description", "rating", "release_date", "title", "updated_at") VALUES (?, ?, ?, ?, ?, ?)  [["created_at", Tue, 14 Oct 2014 12:54:17 UTC +00:00], ["description", nil], ["rating", "G"], ["release_date", Wed, 21 Jun 2000 00:00:00 UTC +00:00], ["title", "Chicken Run"], ["updated_at", Tue, 14 Oct 2014 12:54:17 UTC +00:00]]
  [1m[36m (60.0ms)[0m  [1mcommit transaction[0m
Connecting to database specified by database.yml
  [1m[36m (3.3ms)[0m  [1mSELECT "schema_migrations"."version" FROM "schema_migrations" [0m
Migrating to CreateMovies (20111119180638)
  [1m[35m (0.2ms)[0m  select sqlite_version(*)
  [1m[36m (0.2ms)[0m  [1mSELECT "schema_migrations"."version" FROM "schema_migrations" [0m


Started GET "/movies" for 127.0.0.1 at 2014-10-19 11:57:36 -0300
Connecting to database specified by database.yml
Processing by MoviesController#index as HTML
  [1m[36mMovie Load (0.5ms)[0m  [1mSELECT "movies".* FROM "movies" [0m
  Rendered movies/index.html.haml within layouts/application (52.0ms)
Compiled application.css  (0ms)  (pid 11172)
Compiled jquery.js  (8ms)  (pid 11172)
Compiled jquery_ujs.js  (1ms)  (pid 11172)
Compiled application.js  (151ms)  (pid 11172)
Completed 200 OK in 763.7ms (Views: 493.7ms | ActiveRecord: 8.7ms)


Started GET "/assets/application.css?body=1" for 127.0.0.1 at 2014-10-19 11:57:38 -0300
Served asset /application.css - 200 OK (7ms)


Started GET "/assets/jquery.js?body=1" for 127.0.0.1 at 2014-10-19 11:57:39 -0300
Served asset /jquery.js - 200 OK (52ms)


Started GET "/assets/application.js?body=1" for 127.0.0.1 at 2014-10-19 11:57:39 -0300
Served asset /application.js - 200 OK (91ms)


Started GET "/assets/jquery_ujs.js?body=1" for 127.0.0.1 at 2014-10-19 11:57:39 -0300
Served asset /jquery_ujs.js - 200 OK (11ms)


Started GET "/movies" for 127.0.0.1 at 2014-10-19 12:11:50 -0300
Processing by MoviesController#index as HTML
  [1m[35mMovie Load (0.9ms)[0m  SELECT "movies".* FROM "movies" 
  Rendered movies/index.html.haml within layouts/application (83.4ms)
Completed 200 OK in 121.9ms (Views: 111.4ms | ActiveRecord: 0.9ms)


Started GET "/assets/application.css?body=1" for 127.0.0.1 at 2014-10-19 12:11:50 -0300
Served asset /application.css - 304 Not Modified (4ms)


Started GET "/assets/application.js?body=1" for 127.0.0.1 at 2014-10-19 12:11:50 -0300
Served asset /application.js - 304 Not Modified (8ms)


Started GET "/assets/jquery_ujs.js?body=1" for 127.0.0.1 at 2014-10-19 12:11:50 -0300
Served asset /jquery_ujs.js - 304 Not Modified (0ms)


Started GET "/assets/jquery.js?body=1" for 127.0.0.1 at 2014-10-19 12:11:50 -0300
Served asset /jquery.js - 304 Not Modified (18ms)


Started GET "/movies" for 127.0.0.1 at 2014-10-19 12:12:12 -0300
Processing by MoviesController#index as HTML
  [1m[36mMovie Load (0.8ms)[0m  [1mSELECT "movies".* FROM "movies" [0m
  Rendered movies/index.html.haml within layouts/application (228.8ms)
Completed 500 Internal Server Error in 259.0ms

ActionView::Template::Error (undefined local variable or method `movie' for #<#<Class:0xb56153b8>:0xb5b4895c>):
    4: %table#movies
    5:   %thead
    6:     %tr
    7:       %th= link_to "Movie Title", movie_path(movie)
    8:       %th Rating
    9:       %th Release Date
    10:       %th More Info
  app/views/movies/index.html.haml:7:in `_app_views_movies_index_html_haml___798054315__622145978'


  Rendered /home/saasbook/.rvm/gems/ruby-1.9.3-p448/gems/actionpack-3.2.18/lib/action_dispatch/middleware/templates/rescues/_trace.erb (8.8ms)
  Rendered /home/saasbook/.rvm/gems/ruby-1.9.3-p448/gems/actionpack-3.2.18/lib/action_dispatch/middleware/templates/rescues/_request_and_response.erb (3.5ms)
  Rendered /home/saasbook/.rvm/gems/ruby-1.9.3-p448/gems/actionpack-3.2.18/lib/action_dispatch/middleware/templates/rescues/template_error.erb within rescues/layout (79.8ms)


Started GET "/movies" for 127.0.0.1 at 2014-10-19 12:27:50 -0300
Processing by MoviesController#index as HTML
  [1m[35mMovie Load (0.6ms)[0m  SELECT "movies".* FROM "movies" 
  Rendered movies/index.html.haml within layouts/application (16.4ms)
Completed 500 Internal Server Error in 117.9ms

ActionController::RoutingError (No route matches {:action=>"show", :controller=>"movies", :order_by=>"title", :ratings=>nil}):
  app/views/movies/index.html.haml:7:in `_app_views_movies_index_html_haml___798054315__626808338'


  Rendered /home/saasbook/.rvm/gems/ruby-1.9.3-p448/gems/actionpack-3.2.18/lib/action_dispatch/middleware/templates/rescues/routing_error.erb within rescues/layout (2.7ms)
Connecting to database specified by database.yml


Started GET "/movies" for 127.0.0.1 at 2014-10-19 12:36:44 -0300
Processing by MoviesController#index as HTML
  [1m[36mMovie Load (1.1ms)[0m  [1mSELECT "movies".* FROM "movies" [0m
  Rendered movies/index.html.haml within layouts/application (31.3ms)
Completed 500 Internal Server Error in 109.0ms

ActionController::RoutingError (No route matches {:action=>"show", :controller=>"movies", :sort=>"title", :ratings=>nil}):
  app/views/movies/index.html.haml:7:in `_app_views_movies_index_html_haml___798054315__622226188'


  Rendered /home/saasbook/.rvm/gems/ruby-1.9.3-p448/gems/actionpack-3.2.18/lib/action_dispatch/middleware/templates/rescues/routing_error.erb within rescues/layout (2.6ms)


Started GET "/movies" for 127.0.0.1 at 2014-10-19 12:36:49 -0300
Processing by MoviesController#index as HTML
  [1m[35mMovie Load (0.8ms)[0m  SELECT "movies".* FROM "movies" 
  Rendered movies/index.html.haml within layouts/application (16.6ms)
Completed 500 Internal Server Error in 47.0ms

ActionController::RoutingError (No route matches {:action=>"show", :controller=>"movies", :sort=>"title", :ratings=>nil}):
  app/views/movies/index.html.haml:7:in `_app_views_movies_index_html_haml___798054315__622226188'


  Rendered /home/saasbook/.rvm/gems/ruby-1.9.3-p448/gems/actionpack-3.2.18/lib/action_dispatch/middleware/templates/rescues/routing_error.erb within rescues/layout (2.5ms)


Started GET "/movies" for 127.0.0.1 at 2014-10-19 12:38:39 -0300
Processing by MoviesController#index as HTML
  [1m[36mMovie Load (0.6ms)[0m  [1mSELECT "movies".* FROM "movies" [0m
  Rendered movies/index.html.haml within layouts/application (10.6ms)
Completed 500 Internal Server Error in 71.8ms

ActionController::RoutingError (No route matches {:action=>"show", :controller=>"movies", :sort=>"title", :ratings=>nil}):
  app/views/movies/index.html.haml:7:in `_app_views_movies_index_html_haml___798054315__622226188'


  Rendered /home/saasbook/.rvm/gems/ruby-1.9.3-p448/gems/actionpack-3.2.18/lib/action_dispatch/middleware/templates/rescues/routing_error.erb within rescues/layout (2.2ms)


Started GET "/movies" for 127.0.0.1 at 2014-10-19 12:38:42 -0300
Processing by MoviesController#index as HTML
  [1m[35mMovie Load (1.0ms)[0m  SELECT "movies".* FROM "movies" 
  Rendered movies/index.html.haml within layouts/application (8.3ms)
Completed 500 Internal Server Error in 45.0ms

ActionController::RoutingError (No route matches {:action=>"show", :controller=>"movies", :sort=>"title", :ratings=>nil}):
  app/views/movies/index.html.haml:7:in `_app_views_movies_index_html_haml___798054315__622226188'


  Rendered /home/saasbook/.rvm/gems/ruby-1.9.3-p448/gems/actionpack-3.2.18/lib/action_dispatch/middleware/templates/rescues/routing_error.erb within rescues/layout (2.4ms)


Started GET "/movies" for 127.0.0.1 at 2014-10-19 12:42:45 -0300
Processing by MoviesController#index as HTML
  [1m[36mMovie Load (0.8ms)[0m  [1mSELECT "movies".* FROM "movies" [0m
  Rendered movies/index.html.haml within layouts/application (12.8ms)
Completed 500 Internal Server Error in 70.5ms

ActionController::RoutingError (No route matches {:action=>"show", :controller=>"movies", :sort=>"title"}):
  app/views/movies/index.html.haml:7:in `_app_views_movies_index_html_haml___798054315__622310078'


  Rendered /home/saasbook/.rvm/gems/ruby-1.9.3-p448/gems/actionpack-3.2.18/lib/action_dispatch/middleware/templates/rescues/routing_error.erb within rescues/layout (1.4ms)


Started GET "/movies" for 127.0.0.1 at 2014-10-19 12:45:49 -0300
Processing by MoviesController#index as HTML
  [1m[35mMovie Load (0.5ms)[0m  SELECT "movies".* FROM "movies" 
  Rendered movies/index.html.haml within layouts/application (6.1ms)
Completed 500 Internal Server Error in 57.2ms

ActionController::RoutingError (No route matches {:action=>"show", :controller=>"movies", :sort=>"title"}):
  app/views/movies/index.html.haml:7:in `_app_views_movies_index_html_haml___798054315__622310078'


  Rendered /home/saasbook/.rvm/gems/ruby-1.9.3-p448/gems/actionpack-3.2.18/lib/action_dispatch/middleware/templates/rescues/routing_error.erb within rescues/layout (1.8ms)


Started GET "/movies" for 127.0.0.1 at 2014-10-19 12:45:53 -0300
Processing by MoviesController#index as HTML
  [1m[36mMovie Load (0.9ms)[0m  [1mSELECT "movies".* FROM "movies" [0m
  Rendered movies/index.html.haml within layouts/application (15.0ms)
Completed 500 Internal Server Error in 45.2ms

ActionController::RoutingError (No route matches {:action=>"show", :controller=>"movies", :sort=>"title"}):
  app/views/movies/index.html.haml:7:in `_app_views_movies_index_html_haml___798054315__622310078'


  Rendered /home/saasbook/.rvm/gems/ruby-1.9.3-p448/gems/actionpack-3.2.18/lib/action_dispatch/middleware/templates/rescues/routing_error.erb within rescues/layout (2.8ms)


Started GET "/movies" for 127.0.0.1 at 2014-10-19 12:54:42 -0300
Processing by MoviesController#index as HTML
  [1m[35mMovie Load (0.7ms)[0m  SELECT "movies".* FROM "movies" 
  Rendered movies/index.html.haml within layouts/application (32.0ms)
Completed 500 Internal Server Error in 105.5ms

ActionController::RoutingError (No route matches {:action=>"show", :controller=>"movies", :sort=>"title"}):
  app/views/movies/index.html.haml:7:in `_app_views_movies_index_html_haml___798054315__621739698'


  Rendered /home/saasbook/.rvm/gems/ruby-1.9.3-p448/gems/actionpack-3.2.18/lib/action_dispatch/middleware/templates/rescues/routing_error.erb within rescues/layout (2.2ms)


Started GET "/movies" for 127.0.0.1 at 2014-10-19 12:54:47 -0300
Processing by MoviesController#index as HTML
  [1m[36mMovie Load (5.1ms)[0m  [1mSELECT "movies".* FROM "movies" [0m
  Rendered movies/index.html.haml within layouts/application (15.3ms)
Completed 500 Internal Server Error in 45.7ms

ActionController::RoutingError (No route matches {:action=>"show", :controller=>"movies", :sort=>"title"}):
  app/views/movies/index.html.haml:7:in `_app_views_movies_index_html_haml___798054315__621739698'


  Rendered /home/saasbook/.rvm/gems/ruby-1.9.3-p448/gems/actionpack-3.2.18/lib/action_dispatch/middleware/templates/rescues/routing_error.erb within rescues/layout (6.5ms)


Started GET "/movies" for 127.0.0.1 at 2014-10-19 13:19:27 -0300

SyntaxError (/home/saasbook/Documents/myrottenpotatoes/rails-intro/app/controllers/movies_controller.rb:45: syntax error, unexpected $end, expecting keyword_end):
  activesupport (3.2.18) lib/active_support/dependencies.rb:469:in `load'
  activesupport (3.2.18) lib/active_support/dependencies.rb:469:in `block in load_file'
  activesupport (3.2.18) lib/active_support/dependencies.rb:639:in `new_constants_in'
  activesupport (3.2.18) lib/active_support/dependencies.rb:468:in `load_file'
  activesupport (3.2.18) lib/active_support/dependencies.rb:353:in `require_or_load'
  activesupport (3.2.18) lib/active_support/dependencies.rb:502:in `load_missing_constant'
  activesupport (3.2.18) lib/active_support/dependencies.rb:192:in `block in const_missing'
  activesupport (3.2.18) lib/active_support/dependencies.rb:190:in `each'
  activesupport (3.2.18) lib/active_support/dependencies.rb:190:in `const_missing'
  activesupport (3.2.18) lib/active_support/inflector/methods.rb:230:in `block in constantize'
  activesupport (3.2.18) lib/active_support/inflector/methods.rb:229:in `each'
  activesupport (3.2.18) lib/active_support/inflector/methods.rb:229:in `constantize'
  activesupport (3.2.18) lib/active_support/dependencies.rb:554:in `get'
  actionpack (3.2.18) lib/action_dispatch/routing/route_set.rb:69:in `controller_reference'
  actionpack (3.2.18) lib/action_dispatch/routing/route_set.rb:54:in `controller'
  actionpack (3.2.18) lib/action_dispatch/routing/route_set.rb:32:in `call'
  journey (1.0.4) lib/journey/router.rb:68:in `block in call'
  journey (1.0.4) lib/journey/router.rb:56:in `each'
  journey (1.0.4) lib/journey/router.rb:56:in `call'
  actionpack (3.2.18) lib/action_dispatch/routing/route_set.rb:608:in `call'
  actionpack (3.2.18) lib/action_dispatch/middleware/best_standards_support.rb:17:in `call'
  rack (1.4.5) lib/rack/etag.rb:23:in `call'
  rack (1.4.5) lib/rack/conditionalget.rb:25:in `call'
  actionpack (3.2.18) lib/action_dispatch/middleware/head.rb:14:in `call'
  actionpack (3.2.18) lib/action_dispatch/middleware/params_parser.rb:21:in `call'
  actionpack (3.2.18) lib/action_dispatch/middleware/flash.rb:242:in `call'
  rack (1.4.5) lib/rack/session/abstract/id.rb:210:in `context'
  rack (1.4.5) lib/rack/session/abstract/id.rb:205:in `call'
  actionpack (3.2.18) lib/action_dispatch/middleware/cookies.rb:341:in `call'
  activerecord (3.2.18) lib/active_record/query_cache.rb:64:in `call'
  activerecord (3.2.18) lib/active_record/connection_adapters/abstract/connection_pool.rb:479:in `call'
  actionpack (3.2.18) lib/action_dispatch/middleware/callbacks.rb:28:in `block in call'
  activesupport (3.2.18) lib/active_support/callbacks.rb:405:in `_run__527902194__call__272649832__callbacks'
  activesupport (3.2.18) lib/active_support/callbacks.rb:405:in `__run_callback'
  activesupport (3.2.18) lib/active_support/callbacks.rb:385:in `_run_call_callbacks'
  activesupport (3.2.18) lib/active_support/callbacks.rb:81:in `run_callbacks'
  actionpack (3.2.18) lib/action_dispatch/middleware/callbacks.rb:27:in `call'
  actionpack (3.2.18) lib/action_dispatch/middleware/reloader.rb:65:in `call'
  actionpack (3.2.18) lib/action_dispatch/middleware/remote_ip.rb:31:in `call'
  actionpack (3.2.18) lib/action_dispatch/middleware/debug_exceptions.rb:16:in `call'
  actionpack (3.2.18) lib/action_dispatch/middleware/show_exceptions.rb:56:in `call'
  railties (3.2.18) lib/rails/rack/logger.rb:32:in `call_app'
  railties (3.2.18) lib/rails/rack/logger.rb:16:in `block in call'
  activesupport (3.2.18) lib/active_support/tagged_logging.rb:22:in `tagged'
  railties (3.2.18) lib/rails/rack/logger.rb:16:in `call'
  actionpack (3.2.18) lib/action_dispatch/middleware/request_id.rb:22:in `call'
  rack (1.4.5) lib/rack/methodoverride.rb:21:in `call'
  rack (1.4.5) lib/rack/runtime.rb:17:in `call'
  activesupport (3.2.18) lib/active_support/cache/strategy/local_cache.rb:72:in `call'
  rack (1.4.5) lib/rack/lock.rb:15:in `call'
  actionpack (3.2.18) lib/action_dispatch/middleware/static.rb:63:in `call'
  railties (3.2.18) lib/rails/engine.rb:484:in `call'
  railties (3.2.18) lib/rails/application.rb:231:in `call'
  rack (1.4.5) lib/rack/content_length.rb:14:in `call'
  railties (3.2.18) lib/rails/rack/log_tailer.rb:17:in `call'
  rack (1.4.5) lib/rack/handler/webrick.rb:59:in `service'
  /home/saasbook/.rvm/rubies/ruby-1.9.3-p448/lib/ruby/1.9.1/webrick/httpserver.rb:138:in `service'
  /home/saasbook/.rvm/rubies/ruby-1.9.3-p448/lib/ruby/1.9.1/webrick/httpserver.rb:94:in `run'
  /home/saasbook/.rvm/rubies/ruby-1.9.3-p448/lib/ruby/1.9.1/webrick/server.rb:191:in `block in start_thread'


  Rendered /home/saasbook/.rvm/gems/ruby-1.9.3-p448/gems/actionpack-3.2.18/lib/action_dispatch/middleware/templates/rescues/_trace.erb (6.0ms)
  Rendered /home/saasbook/.rvm/gems/ruby-1.9.3-p448/gems/actionpack-3.2.18/lib/action_dispatch/middleware/templates/rescues/_request_and_response.erb (6.2ms)
  Rendered /home/saasbook/.rvm/gems/ruby-1.9.3-p448/gems/actionpack-3.2.18/lib/action_dispatch/middleware/templates/rescues/diagnostics.erb within rescues/layout (51.5ms)


Started GET "/movies" for 127.0.0.1 at 2014-10-19 13:20:03 -0300
Processing by MoviesController#index as HTML
  [1m[35mMovie Load (5.9ms)[0m  SELECT "movies".* FROM "movies" 
  Rendered movies/index.html.haml within layouts/application (23.7ms)
Completed 500 Internal Server Error in 131.5ms

ActionController::RoutingError (No route matches {:action=>"show", :controller=>"movies", :sort=>"title"}):
  app/views/movies/index.html.haml:7:in `_app_views_movies_index_html_haml___798054315__619945158'


  Rendered /home/saasbook/.rvm/gems/ruby-1.9.3-p448/gems/actionpack-3.2.18/lib/action_dispatch/middleware/templates/rescues/routing_error.erb within rescues/layout (9.3ms)
Connecting to database specified by database.yml


Started GET "/movies" for 127.0.0.1 at 2014-10-19 13:23:34 -0300
Processing by MoviesController#index as HTML
  [1m[36mMovie Load (1.2ms)[0m  [1mSELECT "movies".* FROM "movies" [0m
  Rendered movies/index.html.haml within layouts/application (11.2ms)
Completed 500 Internal Server Error in 77.9ms

ActionController::RoutingError (No route matches {:action=>"show", :controller=>"movies", :sort=>"title"}):
  app/views/movies/index.html.haml:7:in `_app_views_movies_index_html_haml___798054315__619945158'


  Rendered /home/saasbook/.rvm/gems/ruby-1.9.3-p448/gems/actionpack-3.2.18/lib/action_dispatch/middleware/templates/rescues/routing_error.erb within rescues/layout (2.3ms)


Started GET "/movies" for 127.0.0.1 at 2014-10-19 13:23:39 -0300
Processing by MoviesController#index as HTML
  [1m[35mMovie Load (0.9ms)[0m  SELECT "movies".* FROM "movies" 
  Rendered movies/index.html.haml within layouts/application (15.5ms)
Completed 500 Internal Server Error in 52.9ms

ActionController::RoutingError (No route matches {:action=>"show", :controller=>"movies", :sort=>"title"}):
  app/views/movies/index.html.haml:7:in `_app_views_movies_index_html_haml___798054315__619945158'


  Rendered /home/saasbook/.rvm/gems/ruby-1.9.3-p448/gems/actionpack-3.2.18/lib/action_dispatch/middleware/templates/rescues/routing_error.erb within rescues/layout (2.2ms)


Started GET "/movies" for 127.0.0.1 at 2014-10-19 13:26:29 -0300
Processing by MoviesController#index as HTML
  [1m[36mMovie Load (0.5ms)[0m  [1mSELECT "movies".* FROM "movies" [0m
  Rendered movies/index.html.haml within layouts/application (12.2ms)
Completed 500 Internal Server Error in 57.5ms

ActionController::RoutingError (No route matches {:action=>"show", :controller=>"movies", :sort=>:title}):
  app/views/movies/index.html.haml:7:in `_app_views_movies_index_html_haml___798054315__622343488'


  Rendered /home/saasbook/.rvm/gems/ruby-1.9.3-p448/gems/actionpack-3.2.18/lib/action_dispatch/middleware/templates/rescues/routing_error.erb within rescues/layout (2.7ms)


Started GET "/movies" for 127.0.0.1 at 2014-10-19 13:28:10 -0300
Processing by MoviesController#index as HTML
  [1m[35mMovie Load (1.0ms)[0m  SELECT "movies".* FROM "movies" 
  Rendered movies/index.html.haml within layouts/application (189.1ms)
Completed 500 Internal Server Error in 245.3ms

ActionView::Template::Error (undefined local variable or method `movie' for #<#<Class:0xb57aa55c>:0xb5786fe4>):
    4: %table#movies
    5:   %thead
    6:     %tr
    7:       %th= link_to 'Movie Title', movie_path(:sort => movie.title), id: 'title_header'
    8:       %th Rating
    9:       %th Release Date
    10:       %th More Info
  app/views/movies/index.html.haml:7:in `_app_views_movies_index_html_haml___798054315__625200398'


  Rendered /home/saasbook/.rvm/gems/ruby-1.9.3-p448/gems/actionpack-3.2.18/lib/action_dispatch/middleware/templates/rescues/_trace.erb (7.1ms)
  Rendered /home/saasbook/.rvm/gems/ruby-1.9.3-p448/gems/actionpack-3.2.18/lib/action_dispatch/middleware/templates/rescues/_request_and_response.erb (6.2ms)
  Rendered /home/saasbook/.rvm/gems/ruby-1.9.3-p448/gems/actionpack-3.2.18/lib/action_dispatch/middleware/templates/rescues/template_error.erb within rescues/layout (82.8ms)


Started GET "/movies" for 127.0.0.1 at 2014-10-19 13:31:54 -0300
Processing by MoviesController#index as HTML
  [1m[36mMovie Load (1.3ms)[0m  [1mSELECT "movies".* FROM "movies" [0m
  Rendered movies/index.html.haml within layouts/application (16.3ms)
Completed 500 Internal Server Error in 81.7ms

ActionController::RoutingError (No route matches {:action=>"show", :controller=>"movies", :sort=>"title"}):
  app/views/movies/index.html.haml:7:in `_app_views_movies_index_html_haml___798054315__621503218'


  Rendered /home/saasbook/.rvm/gems/ruby-1.9.3-p448/gems/actionpack-3.2.18/lib/action_dispatch/middleware/templates/rescues/routing_error.erb within rescues/layout (2.8ms)


Started GET "/movies" for 127.0.0.1 at 2014-10-19 13:37:42 -0300
Processing by MoviesController#index as HTML
Completed 500 Internal Server Error in 2.4ms

NoMethodError (undefined method `keys' for nil:NilClass):
  app/controllers/movies_controller.rb:18:in `index'


  Rendered /home/saasbook/.rvm/gems/ruby-1.9.3-p448/gems/actionpack-3.2.18/lib/action_dispatch/middleware/templates/rescues/_trace.erb (12.2ms)
  Rendered /home/saasbook/.rvm/gems/ruby-1.9.3-p448/gems/actionpack-3.2.18/lib/action_dispatch/middleware/templates/rescues/_request_and_response.erb (7.1ms)
  Rendered /home/saasbook/.rvm/gems/ruby-1.9.3-p448/gems/actionpack-3.2.18/lib/action_dispatch/middleware/templates/rescues/diagnostics.erb within rescues/layout (69.7ms)


Started GET "/movies" for 127.0.0.1 at 2014-10-19 13:44:03 -0300
Processing by MoviesController#index as HTML
  [1m[35mMovie Load (0.7ms)[0m  SELECT "movies".* FROM "movies" WHERE "movies"."rating" IS NULL
  Rendered movies/index.html.haml within layouts/application (43.9ms)
Completed 500 Internal Server Error in 371.9ms

ActionController::RoutingError (No route matches {:action=>"show", :controller=>"movies", :sort=>"title", :ratings=>nil}):
  app/views/movies/index.html.haml:7:in `_app_views_movies_index_html_haml___798054315__620151408'


  Rendered /home/saasbook/.rvm/gems/ruby-1.9.3-p448/gems/actionpack-3.2.18/lib/action_dispatch/middleware/templates/rescues/routing_error.erb within rescues/layout (2.6ms)


Started GET "/movies" for 127.0.0.1 at 2014-10-19 13:45:03 -0300
Processing by MoviesController#index as HTML
  [1m[36mMovie Load (0.5ms)[0m  [1mSELECT "movies".* FROM "movies" WHERE "movies"."rating" IS NULL[0m
  Rendered movies/index.html.haml within layouts/application (35.6ms)
Completed 500 Internal Server Error in 81.7ms

ActionController::RoutingError (No route matches {:action=>"show", :controller=>"movies", :sort=>"title"}):
  app/views/movies/index.html.haml:7:in `_app_views_movies_index_html_haml___798054315__620065938'


  Rendered /home/saasbook/.rvm/gems/ruby-1.9.3-p448/gems/actionpack-3.2.18/lib/action_dispatch/middleware/templates/rescues/routing_error.erb within rescues/layout (5.1ms)


Started GET "/movies" for 127.0.0.1 at 2014-10-19 13:45:09 -0300
Processing by MoviesController#index as HTML
  [1m[35mMovie Load (0.7ms)[0m  SELECT "movies".* FROM "movies" WHERE "movies"."rating" IS NULL
  Rendered movies/index.html.haml within layouts/application (6.0ms)
Completed 500 Internal Server Error in 57.9ms

ActionController::RoutingError (No route matches {:action=>"show", :controller=>"movies", :sort=>"title"}):
  app/views/movies/index.html.haml:7:in `_app_views_movies_index_html_haml___798054315__620065938'


  Rendered /home/saasbook/.rvm/gems/ruby-1.9.3-p448/gems/actionpack-3.2.18/lib/action_dispatch/middleware/templates/rescues/routing_error.erb within rescues/layout (2.3ms)


Started GET "/movies" for 127.0.0.1 at 2014-10-19 13:49:29 -0300
Processing by MoviesController#index as HTML
Completed 404 Not Found in 5.1ms

ActiveRecord::RecordNotFound (Couldn't find Movie without an ID):
  app/controllers/movies_controller.rb:18:in `index'


  Rendered /home/saasbook/.rvm/gems/ruby-1.9.3-p448/gems/actionpack-3.2.18/lib/action_dispatch/middleware/templates/rescues/_trace.erb (9.0ms)
  Rendered /home/saasbook/.rvm/gems/ruby-1.9.3-p448/gems/actionpack-3.2.18/lib/action_dispatch/middleware/templates/rescues/_request_and_response.erb (8.0ms)
  Rendered /home/saasbook/.rvm/gems/ruby-1.9.3-p448/gems/actionpack-3.2.18/lib/action_dispatch/middleware/templates/rescues/diagnostics.erb within rescues/layout (71.7ms)


Started GET "/movies" for 127.0.0.1 at 2014-10-19 13:55:29 -0300
Processing by MoviesController#index as HTML
  [1m[36mMovie Load (0.7ms)[0m  [1mSELECT "movies".* FROM "movies" [0m
  Rendered movies/index.html.haml within layouts/application (15.2ms)
Completed 500 Internal Server Error in 83.8ms

ActionController::RoutingError (No route matches {:action=>"show", :controller=>"movies", :sort=>"title"}):
  app/views/movies/index.html.haml:7:in `_app_views_movies_index_html_haml___798054315__625730158'


  Rendered /home/saasbook/.rvm/gems/ruby-1.9.3-p448/gems/actionpack-3.2.18/lib/action_dispatch/middleware/templates/rescues/routing_error.erb within rescues/layout (3.3ms)


Started GET "/movies" for 127.0.0.1 at 2014-10-19 14:00:01 -0300
Connecting to database specified by database.yml
Processing by MoviesController#index as HTML
  [1m[36mMovie Load (1.5ms)[0m  [1mSELECT "movies".* FROM "movies" [0m
  Rendered movies/index.html.haml within layouts/application (148.2ms)
Completed 500 Internal Server Error in 601069.3ms

ActionController::RoutingError (No route matches {:action=>"show", :controller=>"movies", :sort=>"test"}):
  app/views/movies/index.html.haml:7:in `_app_views_movies_index_html_haml__664632242__624050748'


  Rendered /home/saasbook/.rvm/gems/ruby-1.9.3-p448/gems/actionpack-3.2.18/lib/action_dispatch/middleware/templates/rescues/routing_error.erb within rescues/layout (4.2ms)


Started GET "/movies" for 127.0.0.1 at 2014-10-19 14:10:04 -0300

TypeError (can't convert Fixnum into String):
  app/controllers/movies_controller.rb:1:in `<top (required)>'


  Rendered /home/saasbook/.rvm/gems/ruby-1.9.3-p448/gems/actionpack-3.2.18/lib/action_dispatch/middleware/templates/rescues/_trace.erb (12.4ms)
  Rendered /home/saasbook/.rvm/gems/ruby-1.9.3-p448/gems/actionpack-3.2.18/lib/action_dispatch/middleware/templates/rescues/_request_and_response.erb (9.8ms)
  Rendered /home/saasbook/.rvm/gems/ruby-1.9.3-p448/gems/actionpack-3.2.18/lib/action_dispatch/middleware/templates/rescues/diagnostics.erb within rescues/layout (67.9ms)


Started GET "/movies" for 127.0.0.1 at 2014-10-19 14:10:16 -0300


Started GET "/movies" for 127.0.0.1 at 2014-10-19 14:10:58 -0300
Connecting to database specified by database.yml


Started GET "/movies" for 127.0.0.1 at 2014-10-19 14:23:18 -0300
Connecting to database specified by database.yml


Started GET "/movies" for 127.0.0.1 at 2014-10-19 14:24:43 -0300
Connecting to database specified by database.yml


Started GET "/movies" for 127.0.0.1 at 2014-10-19 14:26:35 -0300
Connecting to database specified by database.yml
Processing by MoviesController#index as HTML


Started GET "/movies" for 127.0.0.1 at 2014-10-19 14:29:31 -0300
Connecting to database specified by database.yml
Processing by MoviesController#index as HTML


Started GET "/movies" for 127.0.0.1 at 2014-10-19 14:34:47 -0300
Connecting to database specified by database.yml

SyntaxError (/home/saasbook/Documents/myrottenpotatoes/rails-intro/app/controllers/movies_controller.rb:13: syntax error, unexpected tPOW, expecting ')'
@movies = Movie.find(:all, **:order => "title"**) **if :so...
                             ^
/home/saasbook/Documents/myrottenpotatoes/rails-intro/app/controllers/movies_controller.rb:13: syntax error, unexpected ')'
...nd(:all, **:order => "title"**) **if :sort == "title"**
...                               ^
/home/saasbook/Documents/myrottenpotatoes/rails-intro/app/controllers/movies_controller.rb:14: syntax error, unexpected keyword_end
/home/saasbook/Documents/myrottenpotatoes/rails-intro/app/controllers/movies_controller.rb:44: syntax error, unexpected $end, expecting keyword_end):
  activesupport (3.2.18) lib/active_support/dependencies.rb:469:in `load'
  activesupport (3.2.18) lib/active_support/dependencies.rb:469:in `block in load_file'
  activesupport (3.2.18) lib/active_support/dependencies.rb:639:in `new_constants_in'
  activesupport (3.2.18) lib/active_support/dependencies.rb:468:in `load_file'
  activesupport (3.2.18) lib/active_support/dependencies.rb:353:in `require_or_load'
  activesupport (3.2.18) lib/active_support/dependencies.rb:502:in `load_missing_constant'
  activesupport (3.2.18) lib/active_support/dependencies.rb:192:in `block in const_missing'
  activesupport (3.2.18) lib/active_support/dependencies.rb:190:in `each'
  activesupport (3.2.18) lib/active_support/dependencies.rb:190:in `const_missing'
  activesupport (3.2.18) lib/active_support/inflector/methods.rb:230:in `block in constantize'
  activesupport (3.2.18) lib/active_support/inflector/methods.rb:229:in `each'
  activesupport (3.2.18) lib/active_support/inflector/methods.rb:229:in `constantize'
  activesupport (3.2.18) lib/active_support/dependencies.rb:554:in `get'
  actionpack (3.2.18) lib/action_dispatch/routing/route_set.rb:69:in `controller_reference'
  actionpack (3.2.18) lib/action_dispatch/routing/route_set.rb:54:in `controller'
  actionpack (3.2.18) lib/action_dispatch/routing/route_set.rb:32:in `call'
  journey (1.0.4) lib/journey/router.rb:68:in `block in call'
  journey (1.0.4) lib/journey/router.rb:56:in `each'
  journey (1.0.4) lib/journey/router.rb:56:in `call'
  actionpack (3.2.18) lib/action_dispatch/routing/route_set.rb:608:in `call'
  actionpack (3.2.18) lib/action_dispatch/middleware/best_standards_support.rb:17:in `call'
  rack (1.4.5) lib/rack/etag.rb:23:in `call'
  rack (1.4.5) lib/rack/conditionalget.rb:25:in `call'
  actionpack (3.2.18) lib/action_dispatch/middleware/head.rb:14:in `call'
  actionpack (3.2.18) lib/action_dispatch/middleware/params_parser.rb:21:in `call'
  actionpack (3.2.18) lib/action_dispatch/middleware/flash.rb:242:in `call'
  rack (1.4.5) lib/rack/session/abstract/id.rb:210:in `context'
  rack (1.4.5) lib/rack/session/abstract/id.rb:205:in `call'
  actionpack (3.2.18) lib/action_dispatch/middleware/cookies.rb:341:in `call'
  activerecord (3.2.18) lib/active_record/query_cache.rb:64:in `call'
  activerecord (3.2.18) lib/active_record/connection_adapters/abstract/connection_pool.rb:479:in `call'
  actionpack (3.2.18) lib/action_dispatch/middleware/callbacks.rb:28:in `block in call'
  activesupport (3.2.18) lib/active_support/callbacks.rb:405:in `_run__1020954407__call__854039262__callbacks'
  activesupport (3.2.18) lib/active_support/callbacks.rb:405:in `__run_callback'
  activesupport (3.2.18) lib/active_support/callbacks.rb:385:in `_run_call_callbacks'
  activesupport (3.2.18) lib/active_support/callbacks.rb:81:in `run_callbacks'
  actionpack (3.2.18) lib/action_dispatch/middleware/callbacks.rb:27:in `call'
  actionpack (3.2.18) lib/action_dispatch/middleware/reloader.rb:65:in `call'
  actionpack (3.2.18) lib/action_dispatch/middleware/remote_ip.rb:31:in `call'
  actionpack (3.2.18) lib/action_dispatch/middleware/debug_exceptions.rb:16:in `call'
  actionpack (3.2.18) lib/action_dispatch/middleware/show_exceptions.rb:56:in `call'
  railties (3.2.18) lib/rails/rack/logger.rb:32:in `call_app'
  railties (3.2.18) lib/rails/rack/logger.rb:16:in `block in call'
  activesupport (3.2.18) lib/active_support/tagged_logging.rb:22:in `tagged'
  railties (3.2.18) lib/rails/rack/logger.rb:16:in `call'
  actionpack (3.2.18) lib/action_dispatch/middleware/request_id.rb:22:in `call'
  rack (1.4.5) lib/rack/methodoverride.rb:21:in `call'
  rack (1.4.5) lib/rack/runtime.rb:17:in `call'
  activesupport (3.2.18) lib/active_support/cache/strategy/local_cache.rb:72:in `call'
  rack (1.4.5) lib/rack/lock.rb:15:in `call'
  actionpack (3.2.18) lib/action_dispatch/middleware/static.rb:63:in `call'
  railties (3.2.18) lib/rails/engine.rb:484:in `call'
  railties (3.2.18) lib/rails/application.rb:231:in `call'
  rack (1.4.5) lib/rack/content_length.rb:14:in `call'
  railties (3.2.18) lib/rails/rack/debugger.rb:20:in `call'
  railties (3.2.18) lib/rails/rack/log_tailer.rb:17:in `call'
  rack (1.4.5) lib/rack/handler/webrick.rb:59:in `service'
  /home/saasbook/.rvm/rubies/ruby-1.9.3-p448/lib/ruby/1.9.1/webrick/httpserver.rb:138:in `service'
  /home/saasbook/.rvm/rubies/ruby-1.9.3-p448/lib/ruby/1.9.1/webrick/httpserver.rb:94:in `run'
  /home/saasbook/.rvm/rubies/ruby-1.9.3-p448/lib/ruby/1.9.1/webrick/server.rb:191:in `block in start_thread'


  Rendered /home/saasbook/.rvm/gems/ruby-1.9.3-p448/gems/actionpack-3.2.18/lib/action_dispatch/middleware/templates/rescues/_trace.erb (5.0ms)
  Rendered /home/saasbook/.rvm/gems/ruby-1.9.3-p448/gems/actionpack-3.2.18/lib/action_dispatch/middleware/templates/rescues/_request_and_response.erb (62.7ms)
  Rendered /home/saasbook/.rvm/gems/ruby-1.9.3-p448/gems/actionpack-3.2.18/lib/action_dispatch/middleware/templates/rescues/diagnostics.erb within rescues/layout (96.2ms)


Started GET "/movies" for 127.0.0.1 at 2014-10-19 14:35:55 -0300

SyntaxError (/home/saasbook/Documents/myrottenpotatoes/rails-intro/app/controllers/movies_controller.rb:13: syntax error, unexpected tPOW, expecting ')'
@movies = Movie.find(:all, **:order => "title"**)
                             ^
/home/saasbook/Documents/myrottenpotatoes/rails-intro/app/controllers/movies_controller.rb:13: syntax error, unexpected ')'
/home/saasbook/Documents/myrottenpotatoes/rails-intro/app/controllers/movies_controller.rb:44: syntax error, unexpected $end, expecting keyword_end):
  activesupport (3.2.18) lib/active_support/dependencies.rb:469:in `load'
  activesupport (3.2.18) lib/active_support/dependencies.rb:469:in `block in load_file'
  activesupport (3.2.18) lib/active_support/dependencies.rb:639:in `new_constants_in'
  activesupport (3.2.18) lib/active_support/dependencies.rb:468:in `load_file'
  activesupport (3.2.18) lib/active_support/dependencies.rb:353:in `require_or_load'
  activesupport (3.2.18) lib/active_support/dependencies.rb:502:in `load_missing_constant'
  activesupport (3.2.18) lib/active_support/dependencies.rb:192:in `block in const_missing'
  activesupport (3.2.18) lib/active_support/dependencies.rb:190:in `each'
  activesupport (3.2.18) lib/active_support/dependencies.rb:190:in `const_missing'
  activesupport (3.2.18) lib/active_support/inflector/methods.rb:230:in `block in constantize'
  activesupport (3.2.18) lib/active_support/inflector/methods.rb:229:in `each'
  activesupport (3.2.18) lib/active_support/inflector/methods.rb:229:in `constantize'
  activesupport (3.2.18) lib/active_support/dependencies.rb:554:in `get'
  actionpack (3.2.18) lib/action_dispatch/routing/route_set.rb:69:in `controller_reference'
  actionpack (3.2.18) lib/action_dispatch/routing/route_set.rb:54:in `controller'
  actionpack (3.2.18) lib/action_dispatch/routing/route_set.rb:32:in `call'
  journey (1.0.4) lib/journey/router.rb:68:in `block in call'
  journey (1.0.4) lib/journey/router.rb:56:in `each'
  journey (1.0.4) lib/journey/router.rb:56:in `call'
  actionpack (3.2.18) lib/action_dispatch/routing/route_set.rb:608:in `call'
  actionpack (3.2.18) lib/action_dispatch/middleware/best_standards_support.rb:17:in `call'
  rack (1.4.5) lib/rack/etag.rb:23:in `call'
  rack (1.4.5) lib/rack/conditionalget.rb:25:in `call'
  actionpack (3.2.18) lib/action_dispatch/middleware/head.rb:14:in `call'
  actionpack (3.2.18) lib/action_dispatch/middleware/params_parser.rb:21:in `call'
  actionpack (3.2.18) lib/action_dispatch/middleware/flash.rb:242:in `call'
  rack (1.4.5) lib/rack/session/abstract/id.rb:210:in `context'
  rack (1.4.5) lib/rack/session/abstract/id.rb:205:in `call'
  actionpack (3.2.18) lib/action_dispatch/middleware/cookies.rb:341:in `call'
  activerecord (3.2.18) lib/active_record/query_cache.rb:64:in `call'
  activerecord (3.2.18) lib/active_record/connection_adapters/abstract/connection_pool.rb:479:in `call'
  actionpack (3.2.18) lib/action_dispatch/middleware/callbacks.rb:28:in `block in call'
  activesupport (3.2.18) lib/active_support/callbacks.rb:405:in `_run__1020954407__call__854039262__callbacks'
  activesupport (3.2.18) lib/active_support/callbacks.rb:405:in `__run_callback'
  activesupport (3.2.18) lib/active_support/callbacks.rb:385:in `_run_call_callbacks'
  activesupport (3.2.18) lib/active_support/callbacks.rb:81:in `run_callbacks'
  actionpack (3.2.18) lib/action_dispatch/middleware/callbacks.rb:27:in `call'
  actionpack (3.2.18) lib/action_dispatch/middleware/reloader.rb:65:in `call'
  actionpack (3.2.18) lib/action_dispatch/middleware/remote_ip.rb:31:in `call'
  actionpack (3.2.18) lib/action_dispatch/middleware/debug_exceptions.rb:16:in `call'
  actionpack (3.2.18) lib/action_dispatch/middleware/show_exceptions.rb:56:in `call'
  railties (3.2.18) lib/rails/rack/logger.rb:32:in `call_app'
  railties (3.2.18) lib/rails/rack/logger.rb:16:in `block in call'
  activesupport (3.2.18) lib/active_support/tagged_logging.rb:22:in `tagged'
  railties (3.2.18) lib/rails/rack/logger.rb:16:in `call'
  actionpack (3.2.18) lib/action_dispatch/middleware/request_id.rb:22:in `call'
  rack (1.4.5) lib/rack/methodoverride.rb:21:in `call'
  rack (1.4.5) lib/rack/runtime.rb:17:in `call'
  activesupport (3.2.18) lib/active_support/cache/strategy/local_cache.rb:72:in `call'
  rack (1.4.5) lib/rack/lock.rb:15:in `call'
  actionpack (3.2.18) lib/action_dispatch/middleware/static.rb:63:in `call'
  railties (3.2.18) lib/rails/engine.rb:484:in `call'
  railties (3.2.18) lib/rails/application.rb:231:in `call'
  rack (1.4.5) lib/rack/content_length.rb:14:in `call'
  railties (3.2.18) lib/rails/rack/debugger.rb:20:in `call'
  railties (3.2.18) lib/rails/rack/log_tailer.rb:17:in `call'
  rack (1.4.5) lib/rack/handler/webrick.rb:59:in `service'
  /home/saasbook/.rvm/rubies/ruby-1.9.3-p448/lib/ruby/1.9.1/webrick/httpserver.rb:138:in `service'
  /home/saasbook/.rvm/rubies/ruby-1.9.3-p448/lib/ruby/1.9.1/webrick/httpserver.rb:94:in `run'
  /home/saasbook/.rvm/rubies/ruby-1.9.3-p448/lib/ruby/1.9.1/webrick/server.rb:191:in `block in start_thread'


  Rendered /home/saasbook/.rvm/gems/ruby-1.9.3-p448/gems/actionpack-3.2.18/lib/action_dispatch/middleware/templates/rescues/_trace.erb (17.5ms)
  Rendered /home/saasbook/.rvm/gems/ruby-1.9.3-p448/gems/actionpack-3.2.18/lib/action_dispatch/middleware/templates/rescues/_request_and_response.erb (7.1ms)
  Rendered /home/saasbook/.rvm/gems/ruby-1.9.3-p448/gems/actionpack-3.2.18/lib/action_dispatch/middleware/templates/rescues/diagnostics.erb within rescues/layout (61.7ms)


Started GET "/movies" for 127.0.0.1 at 2014-10-19 14:36:22 -0300
Processing by MoviesController#index as HTML


Started GET "/movies" for 127.0.0.1 at 2014-10-19 14:37:17 -0300
Connecting to database specified by database.yml
Processing by MoviesController#index as HTML


Started GET "/movies" for 127.0.0.1 at 2014-10-19 14:44:10 -0300
Connecting to database specified by database.yml
Processing by MoviesController#index as HTML


Started GET "/movies" for 127.0.0.1 at 2014-10-19 14:45:01 -0300
Connecting to database specified by database.yml
Processing by MoviesController#index as HTML
  Rendered movies/index.html.haml within layouts/application (91.4ms)
Completed 500 Internal Server Error in 175.3ms

ActionView::Template::Error (undefined method `each' for nil:NilClass):
    9:       %th Release Date
    10:       %th More Info
    11:   %tbody
    12:     - @movies.each do |movie|
    13:       %tr
    14:         %td= movie.title 
    15:         %td= movie.rating
  app/views/movies/index.html.haml:12:in `_app_views_movies_index_html_haml__234010107__623221238'


  Rendered /home/saasbook/.rvm/gems/ruby-1.9.3-p448/gems/actionpack-3.2.18/lib/action_dispatch/middleware/templates/rescues/_trace.erb (4.0ms)
  Rendered /home/saasbook/.rvm/gems/ruby-1.9.3-p448/gems/actionpack-3.2.18/lib/action_dispatch/middleware/templates/rescues/_request_and_response.erb (3.5ms)
  Rendered /home/saasbook/.rvm/gems/ruby-1.9.3-p448/gems/actionpack-3.2.18/lib/action_dispatch/middleware/templates/rescues/template_error.erb within rescues/layout (31.3ms)


Started GET "/movies" for 127.0.0.1 at 2014-10-19 14:45:39 -0300
Processing by MoviesController#index as HTML
  Rendered movies/index.html.haml within layouts/application (37.7ms)
Completed 500 Internal Server Error in 48.0ms

ActionView::Template::Error (undefined method `each' for nil:NilClass):
    9:       %th Release Date
    10:       %th More Info
    11:   %tbody
    12:     - @movies.each do |movie|
    13:       %tr
    14:         %td= movie.title 
    15:         %td= movie.rating
  app/views/movies/index.html.haml:12:in `_app_views_movies_index_html_haml__234010107__623308908'


  Rendered /home/saasbook/.rvm/gems/ruby-1.9.3-p448/gems/actionpack-3.2.18/lib/action_dispatch/middleware/templates/rescues/_trace.erb (6.3ms)
  Rendered /home/saasbook/.rvm/gems/ruby-1.9.3-p448/gems/actionpack-3.2.18/lib/action_dispatch/middleware/templates/rescues/_request_and_response.erb (4.2ms)
  Rendered /home/saasbook/.rvm/gems/ruby-1.9.3-p448/gems/actionpack-3.2.18/lib/action_dispatch/middleware/templates/rescues/template_error.erb within rescues/layout (48.7ms)


Started GET "/movies" for 127.0.0.1 at 2014-10-19 14:45:57 -0300
Processing by MoviesController#index as HTML
  [1m[36mMovie Load (0.5ms)[0m  [1mSELECT "movies".* FROM "movies" [0m
  Rendered movies/index.html.haml within layouts/application (24.3ms)
Completed 200 OK in 329.7ms (Views: 75.7ms | ActiveRecord: 9.6ms)


Started GET "/assets/application.css?body=1" for 127.0.0.1 at 2014-10-19 14:45:58 -0300
Served asset /application.css - 304 Not Modified (70ms)


Started GET "/assets/jquery.js?body=1" for 127.0.0.1 at 2014-10-19 14:45:58 -0300
Served asset /jquery.js - 304 Not Modified (22ms)


Started GET "/assets/jquery_ujs.js?body=1" for 127.0.0.1 at 2014-10-19 14:45:58 -0300
Served asset /jquery_ujs.js - 304 Not Modified (26ms)


Started GET "/assets/application.js?body=1" for 127.0.0.1 at 2014-10-19 14:45:58 -0300
Served asset /application.js - 304 Not Modified (176ms)


Started GET "/movies" for 127.0.0.1 at 2014-10-19 14:46:18 -0300
Processing by MoviesController#index as HTML
  [1m[35mMovie Load (0.9ms)[0m  SELECT "movies".* FROM "movies" 
  Rendered movies/index.html.haml within layouts/application (54.3ms)
Completed 200 OK in 103.0ms (Views: 89.9ms | ActiveRecord: 0.9ms)


Started GET "/assets/application.css?body=1" for 127.0.0.1 at 2014-10-19 14:46:19 -0300
Served asset /application.css - 304 Not Modified (15ms)


Started GET "/assets/application.js?body=1" for 127.0.0.1 at 2014-10-19 14:46:19 -0300
Served asset /application.js - 304 Not Modified (16ms)


Started GET "/assets/jquery.js?body=1" for 127.0.0.1 at 2014-10-19 14:46:19 -0300
Served asset /jquery.js - 304 Not Modified (6ms)


Started GET "/assets/jquery_ujs.js?body=1" for 127.0.0.1 at 2014-10-19 14:46:19 -0300
Served asset /jquery_ujs.js - 304 Not Modified (8ms)


Started GET "/movies?sort=title" for 127.0.0.1 at 2014-10-19 14:46:20 -0300
Processing by MoviesController#index as HTML
  Parameters: {"sort"=>"title"}
  [1m[36mMovie Load (0.8ms)[0m  [1mSELECT "movies".* FROM "movies" [0m
  Rendered movies/index.html.haml within layouts/application (19.9ms)
Completed 200 OK in 60.9ms (Views: 50.3ms | ActiveRecord: 0.8ms)


Started GET "/assets/application.css?body=1" for 127.0.0.1 at 2014-10-19 14:46:21 -0300
Served asset /application.css - 304 Not Modified (8ms)


Started GET "/assets/jquery_ujs.js?body=1" for 127.0.0.1 at 2014-10-19 14:46:21 -0300
Served asset /jquery_ujs.js - 304 Not Modified (9ms)


Started GET "/assets/application.js?body=1" for 127.0.0.1 at 2014-10-19 14:46:21 -0300
Served asset /application.js - 304 Not Modified (20ms)


Started GET "/assets/jquery.js?body=1" for 127.0.0.1 at 2014-10-19 14:46:21 -0300
Served asset /jquery.js - 304 Not Modified (14ms)


Started GET "/movies?sort=title" for 127.0.0.1 at 2014-10-19 14:46:23 -0300
Processing by MoviesController#index as HTML
  Parameters: {"sort"=>"title"}
  [1m[35mMovie Load (0.8ms)[0m  SELECT "movies".* FROM "movies" 
  Rendered movies/index.html.haml within layouts/application (34.5ms)
Completed 200 OK in 93.7ms (Views: 88.6ms | ActiveRecord: 0.8ms)


Started GET "/assets/application.css?body=1" for 127.0.0.1 at 2014-10-19 14:46:23 -0300
Served asset /application.css - 304 Not Modified (38ms)


Started GET "/assets/application.js?body=1" for 127.0.0.1 at 2014-10-19 14:46:23 -0300
Served asset /application.js - 304 Not Modified (5ms)


Started GET "/assets/jquery_ujs.js?body=1" for 127.0.0.1 at 2014-10-19 14:46:23 -0300
Served asset /jquery_ujs.js - 304 Not Modified (0ms)


Started GET "/assets/jquery.js?body=1" for 127.0.0.1 at 2014-10-19 14:46:23 -0300
Served asset /jquery.js - 304 Not Modified (8ms)


Started GET "/movies?sort=title" for 127.0.0.1 at 2014-10-19 14:46:25 -0300
Processing by MoviesController#index as HTML
  Parameters: {"sort"=>"title"}
  [1m[36mMovie Load (0.7ms)[0m  [1mSELECT "movies".* FROM "movies" [0m
  Rendered movies/index.html.haml within layouts/application (58.0ms)
Completed 200 OK in 108.7ms (Views: 103.7ms | ActiveRecord: 0.7ms)


Started GET "/assets/application.css?body=1" for 127.0.0.1 at 2014-10-19 14:46:25 -0300
Served asset /application.css - 304 Not Modified (43ms)


Started GET "/assets/application.js?body=1" for 127.0.0.1 at 2014-10-19 14:46:25 -0300
Served asset /application.js - 304 Not Modified (15ms)


Started GET "/assets/jquery_ujs.js?body=1" for 127.0.0.1 at 2014-10-19 14:46:25 -0300
Served asset /jquery_ujs.js - 304 Not Modified (3ms)


Started GET "/assets/jquery.js?body=1" for 127.0.0.1 at 2014-10-19 14:46:25 -0300
Served asset /jquery.js - 304 Not Modified (19ms)


Started GET "/movies" for 127.0.0.1 at 2014-10-19 14:49:05 -0300

SyntaxError (/home/saasbook/Documents/myrottenpotatoes/rails-intro/app/controllers/movies_controller.rb:45: syntax error, unexpected $end, expecting keyword_end):
  activesupport (3.2.18) lib/active_support/dependencies.rb:469:in `load'
  activesupport (3.2.18) lib/active_support/dependencies.rb:469:in `block in load_file'
  activesupport (3.2.18) lib/active_support/dependencies.rb:639:in `new_constants_in'
  activesupport (3.2.18) lib/active_support/dependencies.rb:468:in `load_file'
  activesupport (3.2.18) lib/active_support/dependencies.rb:353:in `require_or_load'
  activesupport (3.2.18) lib/active_support/dependencies.rb:502:in `load_missing_constant'
  activesupport (3.2.18) lib/active_support/dependencies.rb:192:in `block in const_missing'
  activesupport (3.2.18) lib/active_support/dependencies.rb:190:in `each'
  activesupport (3.2.18) lib/active_support/dependencies.rb:190:in `const_missing'
  activesupport (3.2.18) lib/active_support/inflector/methods.rb:230:in `block in constantize'
  activesupport (3.2.18) lib/active_support/inflector/methods.rb:229:in `each'
  activesupport (3.2.18) lib/active_support/inflector/methods.rb:229:in `constantize'
  activesupport (3.2.18) lib/active_support/dependencies.rb:554:in `get'
  actionpack (3.2.18) lib/action_dispatch/routing/route_set.rb:69:in `controller_reference'
  actionpack (3.2.18) lib/action_dispatch/routing/route_set.rb:54:in `controller'
  actionpack (3.2.18) lib/action_dispatch/routing/route_set.rb:32:in `call'
  journey (1.0.4) lib/journey/router.rb:68:in `block in call'
  journey (1.0.4) lib/journey/router.rb:56:in `each'
  journey (1.0.4) lib/journey/router.rb:56:in `call'
  actionpack (3.2.18) lib/action_dispatch/routing/route_set.rb:608:in `call'
  actionpack (3.2.18) lib/action_dispatch/middleware/best_standards_support.rb:17:in `call'
  rack (1.4.5) lib/rack/etag.rb:23:in `call'
  rack (1.4.5) lib/rack/conditionalget.rb:25:in `call'
  actionpack (3.2.18) lib/action_dispatch/middleware/head.rb:14:in `call'
  actionpack (3.2.18) lib/action_dispatch/middleware/params_parser.rb:21:in `call'
  actionpack (3.2.18) lib/action_dispatch/middleware/flash.rb:242:in `call'
  rack (1.4.5) lib/rack/session/abstract/id.rb:210:in `context'
  rack (1.4.5) lib/rack/session/abstract/id.rb:205:in `call'
  actionpack (3.2.18) lib/action_dispatch/middleware/cookies.rb:341:in `call'
  activerecord (3.2.18) lib/active_record/query_cache.rb:64:in `call'
  activerecord (3.2.18) lib/active_record/connection_adapters/abstract/connection_pool.rb:479:in `call'
  actionpack (3.2.18) lib/action_dispatch/middleware/callbacks.rb:28:in `block in call'
  activesupport (3.2.18) lib/active_support/callbacks.rb:405:in `_run__636442623__call__350145605__callbacks'
  activesupport (3.2.18) lib/active_support/callbacks.rb:405:in `__run_callback'
  activesupport (3.2.18) lib/active_support/callbacks.rb:385:in `_run_call_callbacks'
  activesupport (3.2.18) lib/active_support/callbacks.rb:81:in `run_callbacks'
  actionpack (3.2.18) lib/action_dispatch/middleware/callbacks.rb:27:in `call'
  actionpack (3.2.18) lib/action_dispatch/middleware/reloader.rb:65:in `call'
  actionpack (3.2.18) lib/action_dispatch/middleware/remote_ip.rb:31:in `call'
  actionpack (3.2.18) lib/action_dispatch/middleware/debug_exceptions.rb:16:in `call'
  actionpack (3.2.18) lib/action_dispatch/middleware/show_exceptions.rb:56:in `call'
  railties (3.2.18) lib/rails/rack/logger.rb:32:in `call_app'
  railties (3.2.18) lib/rails/rack/logger.rb:16:in `block in call'
  activesupport (3.2.18) lib/active_support/tagged_logging.rb:22:in `tagged'
  railties (3.2.18) lib/rails/rack/logger.rb:16:in `call'
  actionpack (3.2.18) lib/action_dispatch/middleware/request_id.rb:22:in `call'
  rack (1.4.5) lib/rack/methodoverride.rb:21:in `call'
  rack (1.4.5) lib/rack/runtime.rb:17:in `call'
  activesupport (3.2.18) lib/active_support/cache/strategy/local_cache.rb:72:in `call'
  rack (1.4.5) lib/rack/lock.rb:15:in `call'
  actionpack (3.2.18) lib/action_dispatch/middleware/static.rb:63:in `call'
  railties (3.2.18) lib/rails/engine.rb:484:in `call'
  railties (3.2.18) lib/rails/application.rb:231:in `call'
  rack (1.4.5) lib/rack/content_length.rb:14:in `call'
  railties (3.2.18) lib/rails/rack/log_tailer.rb:17:in `call'
  rack (1.4.5) lib/rack/handler/webrick.rb:59:in `service'
  /home/saasbook/.rvm/rubies/ruby-1.9.3-p448/lib/ruby/1.9.1/webrick/httpserver.rb:138:in `service'
  /home/saasbook/.rvm/rubies/ruby-1.9.3-p448/lib/ruby/1.9.1/webrick/httpserver.rb:94:in `run'
  /home/saasbook/.rvm/rubies/ruby-1.9.3-p448/lib/ruby/1.9.1/webrick/server.rb:191:in `block in start_thread'


  Rendered /home/saasbook/.rvm/gems/ruby-1.9.3-p448/gems/actionpack-3.2.18/lib/action_dispatch/middleware/templates/rescues/_trace.erb (7.4ms)
  Rendered /home/saasbook/.rvm/gems/ruby-1.9.3-p448/gems/actionpack-3.2.18/lib/action_dispatch/middleware/templates/rescues/_request_and_response.erb (5.8ms)
  Rendered /home/saasbook/.rvm/gems/ruby-1.9.3-p448/gems/actionpack-3.2.18/lib/action_dispatch/middleware/templates/rescues/diagnostics.erb within rescues/layout (51.7ms)


Started GET "/movies" for 127.0.0.1 at 2014-10-19 14:49:41 -0300
Processing by MoviesController#index as HTML
Completed 500 Internal Server Error in 8.5ms

NameError (uninitialized constant MoviesController::Movies):
  app/controllers/movies_controller.rb:10:in `index'


  Rendered /home/saasbook/.rvm/gems/ruby-1.9.3-p448/gems/actionpack-3.2.18/lib/action_dispatch/middleware/templates/rescues/_trace.erb (7.0ms)
  Rendered /home/saasbook/.rvm/gems/ruby-1.9.3-p448/gems/actionpack-3.2.18/lib/action_dispatch/middleware/templates/rescues/_request_and_response.erb (4.3ms)
  Rendered /home/saasbook/.rvm/gems/ruby-1.9.3-p448/gems/actionpack-3.2.18/lib/action_dispatch/middleware/templates/rescues/diagnostics.erb within rescues/layout (50.5ms)


Started GET "/movies" for 127.0.0.1 at 2014-10-19 14:50:09 -0300
Processing by MoviesController#index as HTML
  [1m[35mMovie Load (0.7ms)[0m  SELECT "movies".* FROM "movies" 
  Rendered movies/index.html.haml within layouts/application (71.5ms)
Completed 200 OK in 98.7ms (Views: 93.3ms | ActiveRecord: 2.3ms)


Started GET "/assets/application.css?body=1" for 127.0.0.1 at 2014-10-19 14:50:10 -0300
Served asset /application.css - 304 Not Modified (0ms)


Started GET "/assets/jquery.js?body=1" for 127.0.0.1 at 2014-10-19 14:50:10 -0300
Served asset /jquery.js - 304 Not Modified (31ms)


Started GET "/assets/jquery_ujs.js?body=1" for 127.0.0.1 at 2014-10-19 14:50:10 -0300
Served asset /jquery_ujs.js - 304 Not Modified (3ms)


Started GET "/assets/application.js?body=1" for 127.0.0.1 at 2014-10-19 14:50:10 -0300
Served asset /application.js - 304 Not Modified (31ms)


Started GET "/movies?sort=title" for 127.0.0.1 at 2014-10-19 14:50:13 -0300
Processing by MoviesController#index as HTML
  Parameters: {"sort"=>"title"}
  [1m[36mMovie Load (0.9ms)[0m  [1mSELECT "movies".* FROM "movies" ORDER BY title[0m
  Rendered movies/index.html.haml within layouts/application (30.1ms)
Completed 200 OK in 63.5ms (Views: 61.4ms | ActiveRecord: 0.9ms)


Started GET "/assets/application.css?body=1" for 127.0.0.1 at 2014-10-19 14:50:13 -0300
Served asset /application.css - 304 Not Modified (42ms)


Started GET "/assets/application.js?body=1" for 127.0.0.1 at 2014-10-19 14:50:13 -0300
Served asset /application.js - 304 Not Modified (35ms)


Started GET "/assets/jquery_ujs.js?body=1" for 127.0.0.1 at 2014-10-19 14:50:13 -0300
Served asset /jquery_ujs.js - 304 Not Modified (0ms)


Started GET "/assets/jquery.js?body=1" for 127.0.0.1 at 2014-10-19 14:50:13 -0300
Served asset /jquery.js - 304 Not Modified (19ms)


Started GET "/movies?sort=title" for 127.0.0.1 at 2014-10-19 14:50:28 -0300
Processing by MoviesController#index as HTML
  Parameters: {"sort"=>"title"}
  [1m[35mMovie Load (3.6ms)[0m  SELECT "movies".* FROM "movies" ORDER BY title
  Rendered movies/index.html.haml within layouts/application (44.7ms)
Completed 200 OK in 76.6ms (Views: 71.8ms | ActiveRecord: 3.6ms)


Started GET "/assets/application.css?body=1" for 127.0.0.1 at 2014-10-19 14:50:28 -0300
Served asset /application.css - 304 Not Modified (31ms)


Started GET "/assets/application.js?body=1" for 127.0.0.1 at 2014-10-19 14:50:28 -0300
Served asset /application.js - 304 Not Modified (19ms)


Started GET "/assets/jquery.js?body=1" for 127.0.0.1 at 2014-10-19 14:50:28 -0300
Served asset /jquery.js - 304 Not Modified (12ms)


Started GET "/assets/jquery_ujs.js?body=1" for 127.0.0.1 at 2014-10-19 14:50:28 -0300
Served asset /jquery_ujs.js - 304 Not Modified (3ms)


Started GET "/movies" for 127.0.0.1 at 2014-10-19 14:55:29 -0300
Processing by MoviesController#index as HTML
  [1m[36mMovie Load (0.8ms)[0m  [1mSELECT "movies".* FROM "movies" ORDER BY sort[0m
SQLite3::SQLException: no such column: sort: SELECT "movies".* FROM "movies"  ORDER BY sort
Completed 500 Internal Server Error in 22.4ms

ActiveRecord::StatementInvalid (SQLite3::SQLException: no such column: sort: SELECT "movies".* FROM "movies"  ORDER BY sort):
  app/controllers/movies_controller.rb:11:in `index'


  Rendered /home/saasbook/.rvm/gems/ruby-1.9.3-p448/gems/actionpack-3.2.18/lib/action_dispatch/middleware/templates/rescues/_trace.erb (5.4ms)
  Rendered /home/saasbook/.rvm/gems/ruby-1.9.3-p448/gems/actionpack-3.2.18/lib/action_dispatch/middleware/templates/rescues/_request_and_response.erb (4.2ms)
  Rendered /home/saasbook/.rvm/gems/ruby-1.9.3-p448/gems/actionpack-3.2.18/lib/action_dispatch/middleware/templates/rescues/diagnostics.erb within rescues/layout (50.4ms)


Started GET "/movies" for 127.0.0.1 at 2014-10-19 14:56:12 -0300

SyntaxError (/home/saasbook/Documents/myrottenpotatoes/rails-intro/app/controllers/movies_controller.rb:10: syntax error, unexpected ')', expecting keyword_end):
  activesupport (3.2.18) lib/active_support/dependencies.rb:469:in `load'
  activesupport (3.2.18) lib/active_support/dependencies.rb:469:in `block in load_file'
  activesupport (3.2.18) lib/active_support/dependencies.rb:639:in `new_constants_in'
  activesupport (3.2.18) lib/active_support/dependencies.rb:468:in `load_file'
  activesupport (3.2.18) lib/active_support/dependencies.rb:353:in `require_or_load'
  activesupport (3.2.18) lib/active_support/dependencies.rb:502:in `load_missing_constant'
  activesupport (3.2.18) lib/active_support/dependencies.rb:192:in `block in const_missing'
  activesupport (3.2.18) lib/active_support/dependencies.rb:190:in `each'
  activesupport (3.2.18) lib/active_support/dependencies.rb:190:in `const_missing'
  activesupport (3.2.18) lib/active_support/inflector/methods.rb:230:in `block in constantize'
  activesupport (3.2.18) lib/active_support/inflector/methods.rb:229:in `each'
  activesupport (3.2.18) lib/active_support/inflector/methods.rb:229:in `constantize'
  activesupport (3.2.18) lib/active_support/dependencies.rb:554:in `get'
  actionpack (3.2.18) lib/action_dispatch/routing/route_set.rb:69:in `controller_reference'
  actionpack (3.2.18) lib/action_dispatch/routing/route_set.rb:54:in `controller'
  actionpack (3.2.18) lib/action_dispatch/routing/route_set.rb:32:in `call'
  journey (1.0.4) lib/journey/router.rb:68:in `block in call'
  journey (1.0.4) lib/journey/router.rb:56:in `each'
  journey (1.0.4) lib/journey/router.rb:56:in `call'
  actionpack (3.2.18) lib/action_dispatch/routing/route_set.rb:608:in `call'
  actionpack (3.2.18) lib/action_dispatch/middleware/best_standards_support.rb:17:in `call'
  rack (1.4.5) lib/rack/etag.rb:23:in `call'
  rack (1.4.5) lib/rack/conditionalget.rb:25:in `call'
  actionpack (3.2.18) lib/action_dispatch/middleware/head.rb:14:in `call'
  actionpack (3.2.18) lib/action_dispatch/middleware/params_parser.rb:21:in `call'
  actionpack (3.2.18) lib/action_dispatch/middleware/flash.rb:242:in `call'
  rack (1.4.5) lib/rack/session/abstract/id.rb:210:in `context'
  rack (1.4.5) lib/rack/session/abstract/id.rb:205:in `call'
  actionpack (3.2.18) lib/action_dispatch/middleware/cookies.rb:341:in `call'
  activerecord (3.2.18) lib/active_record/query_cache.rb:64:in `call'
  activerecord (3.2.18) lib/active_record/connection_adapters/abstract/connection_pool.rb:479:in `call'
  actionpack (3.2.18) lib/action_dispatch/middleware/callbacks.rb:28:in `block in call'
  activesupport (3.2.18) lib/active_support/callbacks.rb:405:in `_run__636442623__call__350145605__callbacks'
  activesupport (3.2.18) lib/active_support/callbacks.rb:405:in `__run_callback'
  activesupport (3.2.18) lib/active_support/callbacks.rb:385:in `_run_call_callbacks'
  activesupport (3.2.18) lib/active_support/callbacks.rb:81:in `run_callbacks'
  actionpack (3.2.18) lib/action_dispatch/middleware/callbacks.rb:27:in `call'
  actionpack (3.2.18) lib/action_dispatch/middleware/reloader.rb:65:in `call'
  actionpack (3.2.18) lib/action_dispatch/middleware/remote_ip.rb:31:in `call'
  actionpack (3.2.18) lib/action_dispatch/middleware/debug_exceptions.rb:16:in `call'
  actionpack (3.2.18) lib/action_dispatch/middleware/show_exceptions.rb:56:in `call'
  railties (3.2.18) lib/rails/rack/logger.rb:32:in `call_app'
  railties (3.2.18) lib/rails/rack/logger.rb:16:in `block in call'
  activesupport (3.2.18) lib/active_support/tagged_logging.rb:22:in `tagged'
  railties (3.2.18) lib/rails/rack/logger.rb:16:in `call'
  actionpack (3.2.18) lib/action_dispatch/middleware/request_id.rb:22:in `call'
  rack (1.4.5) lib/rack/methodoverride.rb:21:in `call'
  rack (1.4.5) lib/rack/runtime.rb:17:in `call'
  activesupport (3.2.18) lib/active_support/cache/strategy/local_cache.rb:72:in `call'
  rack (1.4.5) lib/rack/lock.rb:15:in `call'
  actionpack (3.2.18) lib/action_dispatch/middleware/static.rb:63:in `call'
  railties (3.2.18) lib/rails/engine.rb:484:in `call'
  railties (3.2.18) lib/rails/application.rb:231:in `call'
  rack (1.4.5) lib/rack/content_length.rb:14:in `call'
  railties (3.2.18) lib/rails/rack/log_tailer.rb:17:in `call'
  rack (1.4.5) lib/rack/handler/webrick.rb:59:in `service'
  /home/saasbook/.rvm/rubies/ruby-1.9.3-p448/lib/ruby/1.9.1/webrick/httpserver.rb:138:in `service'
  /home/saasbook/.rvm/rubies/ruby-1.9.3-p448/lib/ruby/1.9.1/webrick/httpserver.rb:94:in `run'
  /home/saasbook/.rvm/rubies/ruby-1.9.3-p448/lib/ruby/1.9.1/webrick/server.rb:191:in `block in start_thread'


  Rendered /home/saasbook/.rvm/gems/ruby-1.9.3-p448/gems/actionpack-3.2.18/lib/action_dispatch/middleware/templates/rescues/_trace.erb (4.6ms)
  Rendered /home/saasbook/.rvm/gems/ruby-1.9.3-p448/gems/actionpack-3.2.18/lib/action_dispatch/middleware/templates/rescues/_request_and_response.erb (5.6ms)
  Rendered /home/saasbook/.rvm/gems/ruby-1.9.3-p448/gems/actionpack-3.2.18/lib/action_dispatch/middleware/templates/rescues/diagnostics.erb within rescues/layout (96.1ms)


Started GET "/movies" for 127.0.0.1 at 2014-10-19 14:58:32 -0300
Processing by MoviesController#index as HTML
  [1m[35mMovie Load (0.7ms)[0m  SELECT "movies".* FROM "movies" 
  Rendered movies/index.html.haml within layouts/application (96.0ms)
Completed 200 OK in 143.4ms (Views: 128.8ms | ActiveRecord: 10.8ms)


Started GET "/assets/application.css?body=1" for 127.0.0.1 at 2014-10-19 14:58:33 -0300
Served asset /application.css - 304 Not Modified (1ms)


Started GET "/assets/application.js?body=1" for 127.0.0.1 at 2014-10-19 14:58:33 -0300
Served asset /application.js - 304 Not Modified (8ms)


Started GET "/assets/jquery_ujs.js?body=1" for 127.0.0.1 at 2014-10-19 14:58:33 -0300
Served asset /jquery_ujs.js - 304 Not Modified (9ms)


Started GET "/assets/jquery.js?body=1" for 127.0.0.1 at 2014-10-19 14:58:33 -0300
Served asset /jquery.js - 304 Not Modified (13ms)


Started GET "/movies?sort=title" for 127.0.0.1 at 2014-10-19 14:58:35 -0300
Processing by MoviesController#index as HTML
  Parameters: {"sort"=>"title"}
  [1m[36mMovie Load (1.0ms)[0m  [1mSELECT "movies".* FROM "movies" ORDER BY title[0m
  Rendered movies/index.html.haml within layouts/application (23.0ms)
Completed 200 OK in 51.8ms (Views: 48.2ms | ActiveRecord: 1.0ms)


Started GET "/assets/application.css?body=1" for 127.0.0.1 at 2014-10-19 14:58:35 -0300
Served asset /application.css - 304 Not Modified (0ms)


Started GET "/assets/jquery.js?body=1" for 127.0.0.1 at 2014-10-19 14:58:35 -0300
Served asset /jquery.js - 304 Not Modified (20ms)


Started GET "/assets/jquery_ujs.js?body=1" for 127.0.0.1 at 2014-10-19 14:58:35 -0300
Served asset /jquery_ujs.js - 304 Not Modified (0ms)


Started GET "/assets/application.js?body=1" for 127.0.0.1 at 2014-10-19 14:58:36 -0300
Served asset /application.js - 304 Not Modified (9ms)


Started GET "/movies" for 127.0.0.1 at 2014-10-19 15:00:51 -0300
Processing by MoviesController#index as HTML
  [1m[35mMovie Load (3.9ms)[0m  SELECT "movies".* FROM "movies" 
  Rendered movies/index.html.haml within layouts/application (43.7ms)
Completed 200 OK in 82.5ms (Views: 77.4ms | ActiveRecord: 3.9ms)


Started GET "/assets/application.css?body=1" for 127.0.0.1 at 2014-10-19 15:00:51 -0300
Served asset /application.css - 304 Not Modified (36ms)


Started GET "/assets/jquery_ujs.js?body=1" for 127.0.0.1 at 2014-10-19 15:00:52 -0300
Served asset /jquery_ujs.js - 304 Not Modified (6ms)


Started GET "/assets/jquery.js?body=1" for 127.0.0.1 at 2014-10-19 15:00:52 -0300
Served asset /jquery.js - 304 Not Modified (16ms)


Started GET "/assets/application.js?body=1" for 127.0.0.1 at 2014-10-19 15:00:52 -0300
Served asset /application.js - 304 Not Modified (24ms)


Started GET "/movies?sort=title" for 127.0.0.1 at 2014-10-19 15:01:54 -0300
Processing by MoviesController#index as HTML
  Parameters: {"sort"=>"title"}
  [1m[36mMovie Load (0.9ms)[0m  [1mSELECT "movies".* FROM "movies" ORDER BY title[0m
  Rendered movies/index.html.haml within layouts/application (37.9ms)
Completed 200 OK in 64.0ms (Views: 62.0ms | ActiveRecord: 0.9ms)


Started GET "/assets/application.css?body=1" for 127.0.0.1 at 2014-10-19 15:01:54 -0300
Served asset /application.css - 304 Not Modified (41ms)


Started GET "/assets/application.js?body=1" for 127.0.0.1 at 2014-10-19 15:01:54 -0300
Served asset /application.js - 304 Not Modified (14ms)


Started GET "/assets/jquery_ujs.js?body=1" for 127.0.0.1 at 2014-10-19 15:01:54 -0300
Served asset /jquery_ujs.js - 304 Not Modified (0ms)


Started GET "/assets/jquery.js?body=1" for 127.0.0.1 at 2014-10-19 15:01:54 -0300
Served asset /jquery.js - 304 Not Modified (12ms)


Started GET "/movies?sort=title" for 127.0.0.1 at 2014-10-19 15:02:25 -0300
Processing by MoviesController#index as HTML
  Parameters: {"sort"=>"title"}
  [1m[35mMovie Load (0.7ms)[0m  SELECT "movies".* FROM "movies" ORDER BY title
  Rendered movies/index.html.haml within layouts/application (48.9ms)
Completed 200 OK in 71.2ms (Views: 65.8ms | ActiveRecord: 1.9ms)


Started GET "/assets/application.css?body=1" for 127.0.0.1 at 2014-10-19 15:02:26 -0300
Served asset /application.css - 304 Not Modified (7ms)


Started GET "/assets/application.js?body=1" for 127.0.0.1 at 2014-10-19 15:02:26 -0300
Served asset /application.js - 304 Not Modified (11ms)


Started GET "/assets/jquery_ujs.js?body=1" for 127.0.0.1 at 2014-10-19 15:02:26 -0300
Served asset /jquery_ujs.js - 304 Not Modified (0ms)


Started GET "/assets/jquery.js?body=1" for 127.0.0.1 at 2014-10-19 15:02:26 -0300
Served asset /jquery.js - 304 Not Modified (11ms)


Started GET "/movies" for 127.0.0.1 at 2014-10-19 15:02:29 -0300
Processing by MoviesController#index as HTML
  Rendered movies/index.html.haml within layouts/application (7.7ms)
Completed 500 Internal Server Error in 22.6ms

ActionView::Template::Error (undefined method `each' for nil:NilClass):
    9:       %th Release Date
    10:       %th More Info
    11:   %tbody
    12:     - @movies.each do |movie|
    13:       %tr
    14:         %td= movie.title 
    15:         %td= movie.rating
  app/views/movies/index.html.haml:12:in `_app_views_movies_index_html_haml__234010107__623618838'


  Rendered /home/saasbook/.rvm/gems/ruby-1.9.3-p448/gems/actionpack-3.2.18/lib/action_dispatch/middleware/templates/rescues/_trace.erb (10.5ms)
  Rendered /home/saasbook/.rvm/gems/ruby-1.9.3-p448/gems/actionpack-3.2.18/lib/action_dispatch/middleware/templates/rescues/_request_and_response.erb (3.9ms)
  Rendered /home/saasbook/.rvm/gems/ruby-1.9.3-p448/gems/actionpack-3.2.18/lib/action_dispatch/middleware/templates/rescues/template_error.erb within rescues/layout (51.5ms)


Started GET "/movies" for 127.0.0.1 at 2014-10-19 15:02:51 -0300
Processing by MoviesController#index as HTML
  Rendered movies/index.html.haml within layouts/application (7.9ms)
Completed 500 Internal Server Error in 18.7ms

ActionView::Template::Error (undefined method `each' for nil:NilClass):
    9:       %th Release Date
    10:       %th More Info
    11:   %tbody
    12:     - @movies.each do |movie|
    13:       %tr
    14:         %td= movie.title 
    15:         %td= movie.rating
  app/views/movies/index.html.haml:12:in `_app_views_movies_index_html_haml__234010107__623618838'


  Rendered /home/saasbook/.rvm/gems/ruby-1.9.3-p448/gems/actionpack-3.2.18/lib/action_dispatch/middleware/templates/rescues/_trace.erb (6.7ms)
  Rendered /home/saasbook/.rvm/gems/ruby-1.9.3-p448/gems/actionpack-3.2.18/lib/action_dispatch/middleware/templates/rescues/_request_and_response.erb (10.2ms)
  Rendered /home/saasbook/.rvm/gems/ruby-1.9.3-p448/gems/actionpack-3.2.18/lib/action_dispatch/middleware/templates/rescues/template_error.erb within rescues/layout (58.3ms)


Started GET "/movies" for 127.0.0.1 at 2014-10-19 15:05:01 -0300

SyntaxError (/home/saasbook/Documents/myrottenpotatoes/rails-intro/app/controllers/movies_controller.rb:43: syntax error, unexpected keyword_end, expecting $end):
  activesupport (3.2.18) lib/active_support/dependencies.rb:469:in `load'
  activesupport (3.2.18) lib/active_support/dependencies.rb:469:in `block in load_file'
  activesupport (3.2.18) lib/active_support/dependencies.rb:639:in `new_constants_in'
  activesupport (3.2.18) lib/active_support/dependencies.rb:468:in `load_file'
  activesupport (3.2.18) lib/active_support/dependencies.rb:353:in `require_or_load'
  activesupport (3.2.18) lib/active_support/dependencies.rb:502:in `load_missing_constant'
  activesupport (3.2.18) lib/active_support/dependencies.rb:192:in `block in const_missing'
  activesupport (3.2.18) lib/active_support/dependencies.rb:190:in `each'
  activesupport (3.2.18) lib/active_support/dependencies.rb:190:in `const_missing'
  activesupport (3.2.18) lib/active_support/inflector/methods.rb:230:in `block in constantize'
  activesupport (3.2.18) lib/active_support/inflector/methods.rb:229:in `each'
  activesupport (3.2.18) lib/active_support/inflector/methods.rb:229:in `constantize'
  activesupport (3.2.18) lib/active_support/dependencies.rb:554:in `get'
  actionpack (3.2.18) lib/action_dispatch/routing/route_set.rb:69:in `controller_reference'
  actionpack (3.2.18) lib/action_dispatch/routing/route_set.rb:54:in `controller'
  actionpack (3.2.18) lib/action_dispatch/routing/route_set.rb:32:in `call'
  journey (1.0.4) lib/journey/router.rb:68:in `block in call'
  journey (1.0.4) lib/journey/router.rb:56:in `each'
  journey (1.0.4) lib/journey/router.rb:56:in `call'
  actionpack (3.2.18) lib/action_dispatch/routing/route_set.rb:608:in `call'
  actionpack (3.2.18) lib/action_dispatch/middleware/best_standards_support.rb:17:in `call'
  rack (1.4.5) lib/rack/etag.rb:23:in `call'
  rack (1.4.5) lib/rack/conditionalget.rb:25:in `call'
  actionpack (3.2.18) lib/action_dispatch/middleware/head.rb:14:in `call'
  actionpack (3.2.18) lib/action_dispatch/middleware/params_parser.rb:21:in `call'
  actionpack (3.2.18) lib/action_dispatch/middleware/flash.rb:242:in `call'
  rack (1.4.5) lib/rack/session/abstract/id.rb:210:in `context'
  rack (1.4.5) lib/rack/session/abstract/id.rb:205:in `call'
  actionpack (3.2.18) lib/action_dispatch/middleware/cookies.rb:341:in `call'
  activerecord (3.2.18) lib/active_record/query_cache.rb:64:in `call'
  activerecord (3.2.18) lib/active_record/connection_adapters/abstract/connection_pool.rb:479:in `call'
  actionpack (3.2.18) lib/action_dispatch/middleware/callbacks.rb:28:in `block in call'
  activesupport (3.2.18) lib/active_support/callbacks.rb:405:in `_run__636442623__call__350145605__callbacks'
  activesupport (3.2.18) lib/active_support/callbacks.rb:405:in `__run_callback'
  activesupport (3.2.18) lib/active_support/callbacks.rb:385:in `_run_call_callbacks'
  activesupport (3.2.18) lib/active_support/callbacks.rb:81:in `run_callbacks'
  actionpack (3.2.18) lib/action_dispatch/middleware/callbacks.rb:27:in `call'
  actionpack (3.2.18) lib/action_dispatch/middleware/reloader.rb:65:in `call'
  actionpack (3.2.18) lib/action_dispatch/middleware/remote_ip.rb:31:in `call'
  actionpack (3.2.18) lib/action_dispatch/middleware/debug_exceptions.rb:16:in `call'
  actionpack (3.2.18) lib/action_dispatch/middleware/show_exceptions.rb:56:in `call'
  railties (3.2.18) lib/rails/rack/logger.rb:32:in `call_app'
  railties (3.2.18) lib/rails/rack/logger.rb:16:in `block in call'
  activesupport (3.2.18) lib/active_support/tagged_logging.rb:22:in `tagged'
  railties (3.2.18) lib/rails/rack/logger.rb:16:in `call'
  actionpack (3.2.18) lib/action_dispatch/middleware/request_id.rb:22:in `call'
  rack (1.4.5) lib/rack/methodoverride.rb:21:in `call'
  rack (1.4.5) lib/rack/runtime.rb:17:in `call'
  activesupport (3.2.18) lib/active_support/cache/strategy/local_cache.rb:72:in `call'
  rack (1.4.5) lib/rack/lock.rb:15:in `call'
  actionpack (3.2.18) lib/action_dispatch/middleware/static.rb:63:in `call'
  railties (3.2.18) lib/rails/engine.rb:484:in `call'
  railties (3.2.18) lib/rails/application.rb:231:in `call'
  rack (1.4.5) lib/rack/content_length.rb:14:in `call'
  railties (3.2.18) lib/rails/rack/log_tailer.rb:17:in `call'
  rack (1.4.5) lib/rack/handler/webrick.rb:59:in `service'
  /home/saasbook/.rvm/rubies/ruby-1.9.3-p448/lib/ruby/1.9.1/webrick/httpserver.rb:138:in `service'
  /home/saasbook/.rvm/rubies/ruby-1.9.3-p448/lib/ruby/1.9.1/webrick/httpserver.rb:94:in `run'
  /home/saasbook/.rvm/rubies/ruby-1.9.3-p448/lib/ruby/1.9.1/webrick/server.rb:191:in `block in start_thread'


  Rendered /home/saasbook/.rvm/gems/ruby-1.9.3-p448/gems/actionpack-3.2.18/lib/action_dispatch/middleware/templates/rescues/_trace.erb (17.6ms)
  Rendered /home/saasbook/.rvm/gems/ruby-1.9.3-p448/gems/actionpack-3.2.18/lib/action_dispatch/middleware/templates/rescues/_request_and_response.erb (8.4ms)
  Rendered /home/saasbook/.rvm/gems/ruby-1.9.3-p448/gems/actionpack-3.2.18/lib/action_dispatch/middleware/templates/rescues/diagnostics.erb within rescues/layout (85.8ms)


Started GET "/movies" for 127.0.0.1 at 2014-10-19 15:05:15 -0300
Processing by MoviesController#index as HTML
  [1m[36mMovie Load (0.9ms)[0m  [1mSELECT "movies".* FROM "movies" ORDER BY title[0m
  Rendered movies/index.html.haml within layouts/application (18.2ms)
Completed 200 OK in 138.0ms (Views: 50.2ms | ActiveRecord: 2.7ms)


Started GET "/assets/application.css?body=1" for 127.0.0.1 at 2014-10-19 15:05:15 -0300
Served asset /application.css - 304 Not Modified (1ms)


Started GET "/assets/application.js?body=1" for 127.0.0.1 at 2014-10-19 15:05:15 -0300
Served asset /application.js - 304 Not Modified (12ms)


Started GET "/assets/jquery_ujs.js?body=1" for 127.0.0.1 at 2014-10-19 15:05:15 -0300
Served asset /jquery_ujs.js - 304 Not Modified (0ms)


Started GET "/assets/jquery.js?body=1" for 127.0.0.1 at 2014-10-19 15:05:15 -0300
Served asset /jquery.js - 304 Not Modified (22ms)


Started GET "/movies?sort=title" for 127.0.0.1 at 2014-10-19 15:05:17 -0300
Processing by MoviesController#index as HTML
  Parameters: {"sort"=>"title"}
  [1m[35mMovie Load (6.0ms)[0m  SELECT "movies".* FROM "movies" ORDER BY title
  Rendered movies/index.html.haml within layouts/application (17.6ms)
Completed 200 OK in 51.7ms (Views: 40.9ms | ActiveRecord: 6.0ms)


Started GET "/assets/application.css?body=1" for 127.0.0.1 at 2014-10-19 15:05:17 -0300
Served asset /application.css - 304 Not Modified (28ms)


Started GET "/assets/application.js?body=1" for 127.0.0.1 at 2014-10-19 15:05:18 -0300
Served asset /application.js - 304 Not Modified (15ms)


Started GET "/assets/jquery_ujs.js?body=1" for 127.0.0.1 at 2014-10-19 15:05:18 -0300
Served asset /jquery_ujs.js - 304 Not Modified (0ms)


Started GET "/assets/jquery.js?body=1" for 127.0.0.1 at 2014-10-19 15:05:18 -0300
Served asset /jquery.js - 304 Not Modified (19ms)


Started GET "/movies" for 127.0.0.1 at 2014-10-19 15:05:22 -0300
Processing by MoviesController#index as HTML
  [1m[36mMovie Load (0.9ms)[0m  [1mSELECT "movies".* FROM "movies" ORDER BY title[0m
  Rendered movies/index.html.haml within layouts/application (27.0ms)
Completed 200 OK in 65.8ms (Views: 52.8ms | ActiveRecord: 0.9ms)


Started GET "/assets/application.css?body=1" for 127.0.0.1 at 2014-10-19 15:05:22 -0300
Served asset /application.css - 304 Not Modified (23ms)


Started GET "/assets/application.js?body=1" for 127.0.0.1 at 2014-10-19 15:05:22 -0300
Served asset /application.js - 304 Not Modified (172ms)


Started GET "/assets/jquery.js?body=1" for 127.0.0.1 at 2014-10-19 15:05:23 -0300
Served asset /jquery.js - 304 Not Modified (19ms)


Started GET "/assets/jquery_ujs.js?body=1" for 127.0.0.1 at 2014-10-19 15:05:23 -0300
Served asset /jquery_ujs.js - 304 Not Modified (9ms)


Started GET "/movies" for 127.0.0.1 at 2014-10-19 15:07:23 -0300
Processing by MoviesController#index as HTML
  Rendered movies/index.html.haml within layouts/application (6.5ms)
Completed 500 Internal Server Error in 17.8ms

ActionView::Template::Error (undefined method `each' for nil:NilClass):
    9:       %th Release Date
    10:       %th More Info
    11:   %tbody
    12:     - @movies.each do |movie|
    13:       %tr
    14:         %td= movie.title 
    15:         %td= movie.rating
  app/views/movies/index.html.haml:12:in `_app_views_movies_index_html_haml__234010107__623618838'


  Rendered /home/saasbook/.rvm/gems/ruby-1.9.3-p448/gems/actionpack-3.2.18/lib/action_dispatch/middleware/templates/rescues/_trace.erb (12.1ms)
  Rendered /home/saasbook/.rvm/gems/ruby-1.9.3-p448/gems/actionpack-3.2.18/lib/action_dispatch/middleware/templates/rescues/_request_and_response.erb (3.7ms)
  Rendered /home/saasbook/.rvm/gems/ruby-1.9.3-p448/gems/actionpack-3.2.18/lib/action_dispatch/middleware/templates/rescues/template_error.erb within rescues/layout (53.6ms)


Started GET "/movies" for 127.0.0.1 at 2014-10-19 15:07:42 -0300
Processing by MoviesController#index as HTML
  Rendered movies/index.html.haml within layouts/application (6.2ms)
Completed 500 Internal Server Error in 61.5ms

ActionView::Template::Error (undefined method `each' for nil:NilClass):
    9:       %th Release Date
    10:       %th More Info
    11:   %tbody
    12:     - @movies.each do |movie|
    13:       %tr
    14:         %td= movie.title 
    15:         %td= movie.rating
  app/views/movies/index.html.haml:12:in `_app_views_movies_index_html_haml__234010107__623618838'


  Rendered /home/saasbook/.rvm/gems/ruby-1.9.3-p448/gems/actionpack-3.2.18/lib/action_dispatch/middleware/templates/rescues/_trace.erb (6.1ms)
  Rendered /home/saasbook/.rvm/gems/ruby-1.9.3-p448/gems/actionpack-3.2.18/lib/action_dispatch/middleware/templates/rescues/_request_and_response.erb (12.7ms)
  Rendered /home/saasbook/.rvm/gems/ruby-1.9.3-p448/gems/actionpack-3.2.18/lib/action_dispatch/middleware/templates/rescues/template_error.erb within rescues/layout (72.1ms)


Started GET "/movies" for 127.0.0.1 at 2014-10-19 15:10:05 -0300
Processing by MoviesController#index as HTML
  [1m[35mMovie Load (0.6ms)[0m  SELECT "movies".* FROM "movies" 
  Rendered movies/index.html.haml within layouts/application (36.4ms)
Completed 200 OK in 233.6ms (Views: 136.4ms | ActiveRecord: 2.4ms)


Started GET "/assets/application.css?body=1" for 127.0.0.1 at 2014-10-19 15:10:06 -0300
Served asset /application.css - 304 Not Modified (0ms)


Started GET "/assets/application.js?body=1" for 127.0.0.1 at 2014-10-19 15:10:06 -0300
Served asset /application.js - 304 Not Modified (20ms)


Started GET "/assets/jquery_ujs.js?body=1" for 127.0.0.1 at 2014-10-19 15:10:06 -0300
Served asset /jquery_ujs.js - 304 Not Modified (0ms)


Started GET "/assets/jquery.js?body=1" for 127.0.0.1 at 2014-10-19 15:10:06 -0300
Served asset /jquery.js - 304 Not Modified (15ms)


Started GET "/movies?sort=title" for 127.0.0.1 at 2014-10-19 15:10:08 -0300
Processing by MoviesController#index as HTML
  Parameters: {"sort"=>"title"}
  [1m[36mMovie Load (1.2ms)[0m  [1mSELECT "movies".* FROM "movies" ORDER BY title[0m
  Rendered movies/index.html.haml within layouts/application (49.7ms)
Completed 200 OK in 118.1ms (Views: 102.2ms | ActiveRecord: 1.2ms)


Started GET "/assets/application.css?body=1" for 127.0.0.1 at 2014-10-19 15:10:08 -0300
Served asset /application.css - 304 Not Modified (1ms)


Started GET "/assets/application.js?body=1" for 127.0.0.1 at 2014-10-19 15:10:08 -0300
Served asset /application.js - 304 Not Modified (142ms)


Started GET "/assets/jquery_ujs.js?body=1" for 127.0.0.1 at 2014-10-19 15:10:09 -0300
Served asset /jquery_ujs.js - 304 Not Modified (0ms)


Started GET "/assets/jquery.js?body=1" for 127.0.0.1 at 2014-10-19 15:10:09 -0300
Served asset /jquery.js - 304 Not Modified (10ms)


Started GET "/movies" for 127.0.0.1 at 2014-10-19 15:18:22 -0300
Processing by MoviesController#index as HTML
  [1m[35mMovie Load (0.6ms)[0m  SELECT "movies".* FROM "movies" 
  Rendered movies/index.html.haml within layouts/application (28.5ms)
Completed 200 OK in 138.3ms (Views: 60.4ms | ActiveRecord: 3.3ms)


Started GET "/assets/application.css?body=1" for 127.0.0.1 at 2014-10-19 15:18:22 -0300
Served asset /application.css - 304 Not Modified (47ms)


Started GET "/assets/jquery_ujs.js?body=1" for 127.0.0.1 at 2014-10-19 15:18:22 -0300
Served asset /jquery_ujs.js - 304 Not Modified (5ms)


Started GET "/assets/jquery.js?body=1" for 127.0.0.1 at 2014-10-19 15:18:22 -0300
Served asset /jquery.js - 304 Not Modified (6ms)


Started GET "/assets/application.js?body=1" for 127.0.0.1 at 2014-10-19 15:18:22 -0300
Served asset /application.js - 304 Not Modified (13ms)


Started GET "/movies" for 127.0.0.1 at 2014-10-19 15:31:58 -0300
Processing by MoviesController#index as HTML
  [1m[36mMovie Load (5.3ms)[0m  [1mSELECT "movies".* FROM "movies" [0m
  Rendered movies/index.html.haml within layouts/application (65.9ms)
Completed 200 OK in 122.7ms (Views: 111.9ms | ActiveRecord: 5.3ms)


Started GET "/assets/application.css?body=1" for 127.0.0.1 at 2014-10-19 15:31:58 -0300
Served asset /application.css - 304 Not Modified (30ms)


Started GET "/assets/jquery_ujs.js?body=1" for 127.0.0.1 at 2014-10-19 15:31:58 -0300
Served asset /jquery_ujs.js - 304 Not Modified (13ms)


Started GET "/assets/jquery.js?body=1" for 127.0.0.1 at 2014-10-19 15:31:58 -0300
Served asset /jquery.js - 304 Not Modified (7ms)


Started GET "/assets/application.js?body=1" for 127.0.0.1 at 2014-10-19 15:31:58 -0300
Served asset /application.js - 304 Not Modified (16ms)


Started GET "/movies?sort=title" for 127.0.0.1 at 2014-10-19 15:32:01 -0300
Processing by MoviesController#index as HTML
  Parameters: {"sort"=>"title"}
  [1m[35mMovie Load (15.8ms)[0m  SELECT "movies".* FROM "movies" ORDER BY title
  Rendered movies/index.html.haml within layouts/application (53.7ms)
Completed 200 OK in 142.6ms (Views: 114.3ms | ActiveRecord: 15.8ms)


Started GET "/assets/application.css?body=1" for 127.0.0.1 at 2014-10-19 15:32:01 -0300
Served asset /application.css - 304 Not Modified (34ms)


Started GET "/assets/jquery_ujs.js?body=1" for 127.0.0.1 at 2014-10-19 15:32:01 -0300
Served asset /jquery_ujs.js - 304 Not Modified (0ms)


Started GET "/assets/jquery.js?body=1" for 127.0.0.1 at 2014-10-19 15:32:01 -0300
Served asset /jquery.js - 304 Not Modified (41ms)


Started GET "/assets/application.js?body=1" for 127.0.0.1 at 2014-10-19 15:32:01 -0300
Served asset /application.js - 304 Not Modified (7ms)


Started GET "/movies" for 127.0.0.1 at 2014-10-19 15:37:10 -0300
Processing by MoviesController#index as HTML
  [1m[36mMovie Load (0.7ms)[0m  [1mSELECT "movies".* FROM "movies" [0m
  Rendered movies/index.html.haml within layouts/application (52.7ms)
Completed 200 OK in 135.3ms (Views: 75.3ms | ActiveRecord: 5.1ms)


Started GET "/assets/application.css?body=1" for 127.0.0.1 at 2014-10-19 15:37:10 -0300
Served asset /application.css - 304 Not Modified (119ms)


Started GET "/assets/application.js?body=1" for 127.0.0.1 at 2014-10-19 15:37:10 -0300
Served asset /application.js - 304 Not Modified (28ms)


Started GET "/assets/jquery.js?body=1" for 127.0.0.1 at 2014-10-19 15:37:10 -0300
Served asset /jquery.js - 304 Not Modified (18ms)


Started GET "/assets/jquery_ujs.js?body=1" for 127.0.0.1 at 2014-10-19 15:37:10 -0300
Served asset /jquery_ujs.js - 304 Not Modified (8ms)


Started GET "/movies?sort=release" for 127.0.0.1 at 2014-10-19 15:37:16 -0300
Processing by MoviesController#index as HTML
  Parameters: {"sort"=>"release"}
  [1m[35mMovie Load (4.8ms)[0m  SELECT "movies".* FROM "movies" ORDER BY release
SQLite3::SQLException: no such column: release: SELECT "movies".* FROM "movies"  ORDER BY release
Completed 500 Internal Server Error in 7.9ms

ActiveRecord::StatementInvalid (SQLite3::SQLException: no such column: release: SELECT "movies".* FROM "movies"  ORDER BY release):
  app/controllers/movies_controller.rb:13:in `index'


  Rendered /home/saasbook/.rvm/gems/ruby-1.9.3-p448/gems/actionpack-3.2.18/lib/action_dispatch/middleware/templates/rescues/_trace.erb (24.1ms)
  Rendered /home/saasbook/.rvm/gems/ruby-1.9.3-p448/gems/actionpack-3.2.18/lib/action_dispatch/middleware/templates/rescues/_request_and_response.erb (18.1ms)
  Rendered /home/saasbook/.rvm/gems/ruby-1.9.3-p448/gems/actionpack-3.2.18/lib/action_dispatch/middleware/templates/rescues/diagnostics.erb within rescues/layout (132.2ms)


Started GET "/movies" for 127.0.0.1 at 2014-10-19 15:39:35 -0300
Processing by MoviesController#index as HTML
  [1m[36mMovie Load (2.6ms)[0m  [1mSELECT "movies".* FROM "movies" [0m
  Rendered movies/index.html.haml within layouts/application (19.5ms)
Completed 200 OK in 121.5ms (Views: 53.2ms | ActiveRecord: 6.1ms)


Started GET "/assets/application.css?body=1" for 127.0.0.1 at 2014-10-19 15:39:35 -0300
Served asset /application.css - 304 Not Modified (93ms)


Started GET "/assets/application.js?body=1" for 127.0.0.1 at 2014-10-19 15:39:36 -0300
Served asset /application.js - 304 Not Modified (8ms)


Started GET "/assets/jquery_ujs.js?body=1" for 127.0.0.1 at 2014-10-19 15:39:36 -0300
Served asset /jquery_ujs.js - 304 Not Modified (8ms)


Started GET "/assets/jquery.js?body=1" for 127.0.0.1 at 2014-10-19 15:39:36 -0300
Served asset /jquery.js - 304 Not Modified (11ms)


Started GET "/movies?sort=release" for 127.0.0.1 at 2014-10-19 15:39:37 -0300
Processing by MoviesController#index as HTML
  Parameters: {"sort"=>"release"}
  [1m[35mMovie Load (2.4ms)[0m  SELECT "movies".* FROM "movies" ORDER BY release_date
  Rendered movies/index.html.haml within layouts/application (28.0ms)
Completed 200 OK in 54.3ms (Views: 47.3ms | ActiveRecord: 2.4ms)


Started GET "/assets/application.css?body=1" for 127.0.0.1 at 2014-10-19 15:39:38 -0300
Served asset /application.css - 304 Not Modified (31ms)


Started GET "/assets/application.js?body=1" for 127.0.0.1 at 2014-10-19 15:39:38 -0300
Served asset /application.js - 304 Not Modified (12ms)


Started GET "/assets/jquery_ujs.js?body=1" for 127.0.0.1 at 2014-10-19 15:39:38 -0300
Served asset /jquery_ujs.js - 304 Not Modified (11ms)


Started GET "/assets/jquery.js?body=1" for 127.0.0.1 at 2014-10-19 15:39:38 -0300
Served asset /jquery.js - 304 Not Modified (18ms)


Started GET "/movies?sort=title" for 127.0.0.1 at 2014-10-19 15:39:49 -0300
Processing by MoviesController#index as HTML
  Parameters: {"sort"=>"title"}
  [1m[36mMovie Load (1.3ms)[0m  [1mSELECT "movies".* FROM "movies" ORDER BY title[0m
  Rendered movies/index.html.haml within layouts/application (24.0ms)
Completed 200 OK in 57.2ms (Views: 51.5ms | ActiveRecord: 1.3ms)


Started GET "/assets/application.css?body=1" for 127.0.0.1 at 2014-10-19 15:39:50 -0300
Served asset /application.css - 304 Not Modified (23ms)


Started GET "/assets/jquery.js?body=1" for 127.0.0.1 at 2014-10-19 15:39:50 -0300
Served asset /jquery.js - 304 Not Modified (58ms)


Started GET "/assets/application.js?body=1" for 127.0.0.1 at 2014-10-19 15:39:50 -0300
Served asset /application.js - 304 Not Modified (15ms)


Started GET "/assets/jquery_ujs.js?body=1" for 127.0.0.1 at 2014-10-19 15:39:50 -0300
Served asset /jquery_ujs.js - 304 Not Modified (9ms)


Started GET "/movies" for 127.0.0.1 at 2014-10-19 15:42:42 -0300
Processing by MoviesController#index as HTML
  [1m[35mMovie Load (0.8ms)[0m  SELECT "movies".* FROM "movies" 
  Rendered movies/index.html.haml within layouts/application (152.2ms)
Completed 200 OK in 250.9ms (Views: 174.8ms | ActiveRecord: 2.5ms)


Started GET "/assets/application.css?body=1" for 127.0.0.1 at 2014-10-19 15:42:42 -0300
Served asset /application.css - 304 Not Modified (35ms)


Started GET "/assets/application.js?body=1" for 127.0.0.1 at 2014-10-19 15:42:43 -0300
Served asset /application.js - 304 Not Modified (10ms)


Started GET "/assets/jquery_ujs.js?body=1" for 127.0.0.1 at 2014-10-19 15:42:43 -0300
Served asset /jquery_ujs.js - 304 Not Modified (0ms)


Started GET "/assets/jquery.js?body=1" for 127.0.0.1 at 2014-10-19 15:42:43 -0300
Served asset /jquery.js - 304 Not Modified (12ms)


Started GET "/movies?sort=title" for 127.0.0.1 at 2014-10-19 15:43:02 -0300
Processing by MoviesController#index as HTML
  Parameters: {"sort"=>"title"}
  [1m[36mMovie Load (1.0ms)[0m  [1mSELECT "movies".* FROM "movies" ORDER BY title[0m
  Rendered movies/index.html.haml within layouts/application (74.9ms)
Completed 200 OK in 144.9ms (Views: 129.0ms | ActiveRecord: 1.0ms)


Started GET "/assets/application.css?body=1" for 127.0.0.1 at 2014-10-19 15:43:02 -0300
Served asset /application.css - 304 Not Modified (1ms)


Started GET "/assets/jquery_ujs.js?body=1" for 127.0.0.1 at 2014-10-19 15:43:02 -0300
Served asset /jquery_ujs.js - 304 Not Modified (26ms)


Started GET "/assets/jquery.js?body=1" for 127.0.0.1 at 2014-10-19 15:43:02 -0300
Served asset /jquery.js - 304 Not Modified (7ms)


Started GET "/assets/application.js?body=1" for 127.0.0.1 at 2014-10-19 15:43:02 -0300
Served asset /application.js - 304 Not Modified (30ms)


Started GET "/movies?sort=release" for 127.0.0.1 at 2014-10-19 15:43:04 -0300
Processing by MoviesController#index as HTML
  Parameters: {"sort"=>"release"}
  [1m[35mMovie Load (8.8ms)[0m  SELECT "movies".* FROM "movies" ORDER BY release_date
  Rendered movies/index.html.haml within layouts/application (53.5ms)
Completed 200 OK in 232.3ms (Views: 218.8ms | ActiveRecord: 8.8ms)


Started GET "/assets/application.css?body=1" for 127.0.0.1 at 2014-10-19 15:43:04 -0300
Served asset /application.css - 304 Not Modified (25ms)


Started GET "/assets/jquery.js?body=1" for 127.0.0.1 at 2014-10-19 15:43:04 -0300
Served asset /jquery.js - 304 Not Modified (60ms)


Started GET "/assets/application.js?body=1" for 127.0.0.1 at 2014-10-19 15:43:04 -0300
Served asset /application.js - 304 Not Modified (36ms)


Started GET "/assets/jquery_ujs.js?body=1" for 127.0.0.1 at 2014-10-19 15:43:04 -0300
Served asset /jquery_ujs.js - 304 Not Modified (13ms)


Started GET "/movies" for 127.0.0.1 at 2014-10-19 15:44:08 -0300
Processing by MoviesController#index as HTML
  [1m[36mMovie Load (0.7ms)[0m  [1mSELECT "movies".* FROM "movies" [0m
  Rendered movies/index.html.haml within layouts/application (38.3ms)
Completed 200 OK in 79.9ms (Views: 60.9ms | ActiveRecord: 0.7ms)


Started GET "/assets/application.css?body=1" for 127.0.0.1 at 2014-10-19 15:44:08 -0300
Served asset /application.css - 304 Not Modified (30ms)


Started GET "/assets/application.js?body=1" for 127.0.0.1 at 2014-10-19 15:44:08 -0300
Served asset /application.js - 304 Not Modified (8ms)


Started GET "/assets/jquery_ujs.js?body=1" for 127.0.0.1 at 2014-10-19 15:44:08 -0300
Served asset /jquery_ujs.js - 304 Not Modified (0ms)


Started GET "/assets/jquery.js?body=1" for 127.0.0.1 at 2014-10-19 15:44:08 -0300
Served asset /jquery.js - 304 Not Modified (12ms)
